============================= test session starts =============================
platform win32 -- Python 3.13.2, pytest-9.0.3, pluggy-1.6.0
rootdir: C:\Users\prora\OneDrive\Documents\GitHub\lowcode-example-generator-gitlab
configfile: pyproject.toml
plugins: timeout-2.4.0
timeout: 30.0s
timeout method: thread
timeout func_only: False
collected 3240 items

tests\unit\test_agent_metrics_cli.py .........                           [  0%]
tests\unit\test_agent_metrics_config.py ............................     [  1%]
tests\unit\test_agent_metrics_evidence.py ......                         [  1%]
tests\unit\test_agent_metrics_payload.py ................                [  1%]
tests\unit\test_agent_metrics_poster.py ..........                       [  2%]
tests\unit\test_agent_metrics_production_gate.py ..............          [  2%]
tests\unit\test_agent_metrics_router.py .........                        [  2%]
tests\unit\test_agent_metrics_runner.py ...                              [  2%]
tests\unit\test_agent_metrics_session.py ......................          [  3%]
tests\unit\test_api_delta.py ...........                                 [  3%]
tests\unit\test_aspose_links.py ........................................ [  5%]
.........                                                                [  5%]
tests\unit\test_catalog_hash_enforcement.py ...................          [  6%]
tests\unit\test_ci_runbook_hardening.py ........                         [  6%]
tests\unit\test_cli_defaults.py ................                         [  6%]
tests\unit\test_code_contract_validator.py ............                  [  7%]
tests\unit\test_code_quality_sprint.py ................................. [  8%]
.....................                                                    [  8%]
tests\unit\test_codegen_contract_consumption.py ......                   [  9%]
tests\unit\test_completion_queue.py .............................        [  9%]
tests\unit\test_contract_vs_constraints_semantics.py ....                [ 10%]
tests\unit\test_denominator_model.py ................................... [ 11%]
........................................................................ [ 13%]
..sss.............                                                       [ 13%]
tests\unit\test_dependency_resolver.py ........................          [ 14%]
tests\unit\test_destination_id_mapper.py .......................         [ 15%]
tests\unit\test_destination_programcs_operation_semantics.py sssssssssss [ 15%]
                                                                         [ 15%]
tests\unit\test_discovery_readiness_preservation.py ...................  [ 16%]
tests\unit\test_durable_fixes.py ...................................     [ 17%]
tests\unit\test_evidence_completeness.py .................               [ 17%]
tests\unit\test_evidence_contract.py ................................... [ 18%]
........................................................................ [ 21%]
........................................................................ [ 23%]
..........                                                               [ 23%]
tests\unit\test_evidence_contract_computer.py ......................     [ 24%]
tests\unit\test_evidence_validator.py .................................. [ 25%]
.................................................................s...... [ 27%]
....s...........s....................................................... [ 29%]
........................................................................ [ 32%]
.......                                                                  [ 32%]
tests\unit\test_example_lifecycle.py .................                   [ 32%]
tests\unit\test_example_miner.py ...........                             [ 33%]
tests\unit\test_false_success_contracts.py .............                 [ 33%]
tests\unit\test_family_config.py ....................................... [ 34%]
...................                                                      [ 35%]
tests\unit\test_fixture_registry.py ...............                      [ 35%]
tests\unit\test_fixture_strategy.py .................................... [ 36%]
..                                                                       [ 37%]
tests\unit\test_format_authority_no_stale_maps.py ...................... [ 37%]
........................................................................ [ 39%]
........................................................................ [ 42%]
...............                                                          [ 42%]
tests\unit\test_format_authority_store.py ....................           [ 43%]
tests\unit\test_format_capability.py ................................... [ 44%]
.............                                                            [ 44%]
tests\unit\test_format_capability_populator_contract.py .....            [ 44%]
tests\unit\test_format_map_completeness.py ............................. [ 45%]
........................................................................ [ 47%]
...................................................................      [ 50%]
tests\unit\test_gate_contract_validation.py .........                    [ 50%]
tests\unit\test_gate_output_validation.py ..........                     [ 50%]
tests\unit\test_gates.py ............................................... [ 52%]
...............                                                          [ 52%]
tests\unit\test_healing_intelligence_activation.py ..................... [ 53%]
.............                                                            [ 53%]
tests\unit\test_healing_intelligence_loader.py ......................... [ 54%]
                                                                         [ 54%]
tests\unit\test_healing_intelligence_wiring.py ..............            [ 54%]
tests\unit\test_lifecycle_hardening.py ...........s....                  [ 55%]
tests\unit\test_llm_generation.py ...................................... [ 56%]
........................................................................ [ 58%]
........................................................................ [ 60%]
.............................................                            [ 62%]
tests\unit\test_llm_router_preflight.py ..............                   [ 62%]
tests\unit\test_manifest_contract_fields.py ...                          [ 62%]
tests\unit\test_manifest_format_fields.py ...................            [ 63%]
tests\unit\test_merge_governance.py ........................             [ 64%]
tests\unit\test_metrics_collector.py .................                   [ 64%]
tests\unit\test_monthly_build_regression.py .........                    [ 64%]
tests\unit\test_nuget_fetcher.py ...............                         [ 65%]
tests\unit\test_nupkg_extractor.py ......................                [ 66%]
tests\unit\test_nupkg_extractor_dll_fallback.py ....                     [ 66%]
tests\unit\test_operation_kind_cardinality_matrix.py ..........          [ 66%]
tests\unit\test_options_aware_sprint.py .........................        [ 67%]
tests\unit\test_packet_contract_injection.py ......                      [ 67%]
tests\unit\test_partial_success_partitioning.py ........................ [ 68%]
......                                                                   [ 68%]
tests\unit\test_pdf_assembly_dedup.py ...........                        [ 68%]
tests\unit\test_pipeline_evidence_gate.py .....                          [ 68%]
tests\unit\test_planner_contract_consumption.py ..........               [ 69%]
tests\unit\test_planner_loop.py ...................................      [ 70%]
tests\unit\test_plugin_detector.py ..................                    [ 70%]
tests\unit\test_portfolio_action_planner.py ............................ [ 71%]
.........................................                                [ 72%]
tests\unit\test_programmatic_fixture_fewshots.py ....................    [ 73%]
tests\unit\test_provider_policy.py ..................................... [ 74%]
.                                                                        [ 74%]
tests\unit\test_publication_format_gate.py .....                         [ 74%]
tests\unit\test_publish_pr_readme_gate.py ...................            [ 75%]
tests\unit\test_publishing.py .......................................... [ 76%]
..............................                                           [ 77%]
tests\unit\test_publishing_approval_gate.py ...........                  [ 78%]
tests\unit\test_readme_audit_gate.py ..............                      [ 78%]
tests\unit\test_readme_auditor_semantic.py ..................            [ 79%]
tests\unit\test_readme_contract_rendering.py .........                   [ 79%]
tests\unit\test_readme_facts_extraction.py .........                     [ 79%]
tests\unit\test_readme_inventory.py ..............                       [ 80%]
tests\unit\test_readme_io_cardinality_display.py .......                 [ 80%]
tests\unit\test_readme_renderer.py ..................................... [ 81%]
...........................................                              [ 82%]
tests\unit\test_readme_staleness.py ........                             [ 82%]
tests\unit\test_real_github_publisher.py ...........                     [ 83%]
tests\unit\test_reflection_catalog.py .........................          [ 84%]
tests\unit\test_release_status.py .................................      [ 85%]
tests\unit\test_replay.py .............................................. [ 86%]
....                                                                     [ 86%]
tests\unit\test_reviewer_repair_loop.py ................                 [ 87%]
tests\unit\test_run_to_run_comparison.py ....................            [ 87%]
tests\unit\test_runner.py .............................................. [ 89%]
.........                                                                [ 89%]
tests\unit\test_runner_contract_evidence.py ....                         [ 89%]
tests\unit\test_safety_governance.py ..............................      [ 90%]
tests\unit\test_scenario_contracts.py .................................. [ 91%]
....................................                                     [ 92%]
tests\unit\test_scenario_planner.py ....................                 [ 93%]
tests\unit\test_scenario_selection_healing.py .......................... [ 94%]
...                                                                      [ 94%]
tests\unit\test_sprint34_new_modules.py ..........................       [ 94%]
tests\unit\test_sync_taskcard_docs.py .......                            [ 95%]
tests\unit\test_target_repo_health.py ....................               [ 95%]
tests\unit\test_token_policy.py ...............                          [ 96%]
tests\unit\test_token_readiness_hardening.py ........................... [ 97%]
....                                                                     [ 97%]
tests\unit\test_validation.py ............................               [ 98%]
tests\unit\test_version_drift_checker.py ......................          [ 98%]
tests\unit\test_words_readiness_review.py .............................. [ 99%]
..........                                                               [100%]

================ 3222 passed, 18 skipped in 346.93s (0:05:46) =================

