============================= test session starts =============================
collected 3935 items

tests\integration\test_runner_fallback_integration.py ..........         [  0%]
tests\unit\test_agent_metrics_cli.py .........                           [  0%]
tests\unit\test_agent_metrics_config.py ............................     [  1%]
tests\unit\test_agent_metrics_evidence.py ......                         [  1%]
tests\unit\test_agent_metrics_payload.py ................                [  1%]
tests\unit\test_agent_metrics_poster.py ..........                       [  2%]
tests\unit\test_agent_metrics_production_gate.py ..............          [  2%]
tests\unit\test_agent_metrics_router.py .........                        [  2%]
tests\unit\test_agent_metrics_runner.py ...                              [  2%]
tests\unit\test_agent_metrics_session.py ......................          [  3%]
tests\unit\test_ai_suggestion_schema.py .......                          [  3%]
tests\unit\test_anti_overclaiming_validators.py ........................ [  4%]
..........                                                               [  4%]
tests\unit\test_api_delta.py ...........                                 [  4%]
tests\unit\test_aspose_links.py ........................................ [  5%]
.........                                                                [  5%]
tests\unit\test_barcode_family_onboarding.py ....                        [  5%]
tests\unit\test_canonical_primary_validators.py ........................ [  6%]
.                                                                        [  6%]
tests\unit\test_capability_registry_schema.py ........                   [  6%]
tests\unit\test_catalog_hash_enforcement.py ...................          [  7%]
tests\unit\test_ci_runbook_hardening.py ........                         [  7%]
tests\unit\test_cli_defaults.py ................                         [  7%]
tests\unit\test_closeout_consistency_validators.py ..................... [  8%]
...........................................                              [  9%]
tests\unit\test_closeout_validators.py ...........                       [  9%]
tests\unit\test_closeout_vs_bundle_validators.py ....................... [ 10%]
.........                                                                [ 10%]
tests\unit\test_code_contract_validator.py ............                  [ 10%]
tests\unit\test_code_quality_sprint.py ................................. [ 11%]
.....................                                                    [ 12%]
tests\unit\test_codegen_contract_consumption.py ......                   [ 12%]
tests\unit\test_completion_queue.py .............................        [ 13%]
tests\unit\test_contract_vs_constraints_semantics.py ....                [ 13%]
tests\unit\test_denominator_model.py ................................... [ 14%]
........................................................................ [ 15%]
..sss.............                                                       [ 16%]
tests\unit\test_dependency_resolver.py ........................          [ 17%]
tests\unit\test_destination_id_mapper.py .......................         [ 17%]
tests\unit\test_destination_programcs_operation_semantics.py sssssssssss [ 17%]
                                                                         [ 17%]
tests\unit\test_discovery_readiness_preservation.py ...................  [ 18%]
tests\unit\test_durable_fixes.py ...................................     [ 19%]
tests\unit\test_evidence_authority_validators.py ....................... [ 19%]
.                                                                        [ 19%]
tests\unit\test_evidence_completeness.py .................               [ 20%]
tests\unit\test_evidence_contract.py ................................... [ 21%]
........................................................................ [ 22%]
........................................................................ [ 24%]
..........                                                               [ 25%]
tests\unit\test_evidence_contract_computer.py ......................     [ 25%]
tests\unit\test_evidence_validator.py .................................. [ 26%]
.................................................................s...... [ 28%]
....s...........s....................................................... [ 30%]
........................................................................ [ 31%]
.......                                                                  [ 32%]
tests\unit\test_evidence_validity_validators.py ........................ [ 32%]
.............                                                            [ 33%]
tests\unit\test_example_factory_from_registry.py .........               [ 33%]
tests\unit\test_example_lifecycle.py .................                   [ 33%]
tests\unit\test_example_miner.py ...........                             [ 34%]
tests\unit\test_false_success_contracts.py .............                 [ 34%]
tests\unit\test_family_config.py ....................................... [ 35%]
...................                                                      [ 35%]
tests\unit\test_family_config_fallback_strategy.py .........             [ 36%]
tests\unit\test_fixture_factory.py ..................................... [ 37%]
.........                                                                [ 37%]
tests\unit\test_fixture_registry.py ...............                      [ 37%]
tests\unit\test_fixture_strategy.py .................................... [ 38%]
..                                                                       [ 38%]
tests\unit\test_format_authority_no_stale_maps.py ...................... [ 39%]
........................................................................ [ 40%]
........................................................................ [ 42%]
...............                                                          [ 43%]
tests\unit\test_format_authority_store.py ....................           [ 43%]
tests\unit\test_format_capability.py ................................... [ 44%]
.............                                                            [ 44%]
tests\unit\test_format_capability_populator_contract.py .....            [ 45%]
tests\unit\test_format_map_completeness.py ............................. [ 45%]
........................................................................ [ 47%]
...................................................................      [ 49%]
tests\unit\test_full_package_proof_validator.py .................        [ 49%]
tests\unit\test_gate_contract_validation.py .........                    [ 49%]
tests\unit\test_gate_output_validation.py ..........                     [ 50%]
tests\unit\test_gates.py ............................................... [ 51%]
...............                                                          [ 51%]
tests\unit\test_healing_intelligence_activation.py ..................... [ 52%]
.............                                                            [ 52%]
tests\unit\test_healing_intelligence_loader.py ......................... [ 53%]
                                                                         [ 53%]
tests\unit\test_healing_intelligence_wiring.py ..............            [ 53%]
tests\unit\test_heuristic_matcher.py ........                            [ 53%]
tests\unit\test_imaging_family_onboarding.py .....                       [ 54%]
tests\unit\test_lcv_validators.py .........                              [ 54%]
tests\unit\test_lifecycle_hardening.py ...........s....                  [ 54%]
tests\unit\test_llm_generation.py ...................................... [ 55%]
........................................................................ [ 57%]
........................................................................ [ 59%]
.............................................                            [ 60%]
tests\unit\test_llm_router_preflight.py ..............                   [ 60%]
tests\unit\test_manifest_contract_fields.py ...                          [ 60%]
tests\unit\test_manifest_format_fields.py ...................            [ 61%]
tests\unit\test_merge_governance.py ........................             [ 61%]
tests\unit\test_metrics_collector.py .................                   [ 62%]
tests\unit\test_monthly_build_regression.py .........                    [ 62%]
tests\unit\test_non_lowcode_validators.py .............................  [ 63%]
tests\unit\test_nonlowcode_parity_validators.py ........................ [ 63%]
.                                                                        [ 63%]
tests\unit\test_nuget_fetcher.py ...............                         [ 64%]
tests\unit\test_nupkg_extractor.py ......................                [ 64%]
tests\unit\test_nupkg_extractor_dll_fallback.py ....                     [ 65%]
tests\unit\test_operation_kind_cardinality_matrix.py ..........          [ 65%]
tests\unit\test_options_aware_sprint.py .........................        [ 65%]
tests\unit\test_packet_contract_injection.py ......                      [ 66%]
tests\unit\test_partial_success_partitioning.py ........................ [ 66%]
......                                                                   [ 66%]
tests\unit\test_pclc_secret_validators.py ..........................     [ 67%]
tests\unit\test_pdf_assembly_dedup.py ...........                        [ 67%]
tests\unit\test_pipeline_evidence_gate.py .....                          [ 67%]
tests\unit\test_planner_contract_consumption.py ..........               [ 68%]
tests\unit\test_planner_loop.py ...................................      [ 69%]
tests\unit\test_plugin_code_registry_loader.py .............             [ 69%]
tests\unit\test_plugin_detector.py ..................                    [ 69%]
tests\unit\test_plugin_identity_validators.py .............              [ 70%]
tests\unit\test_portfolio_action_planner.py ............................ [ 70%]
.........................................                                [ 71%]
tests\unit\test_probe_generator.py ..........                            [ 72%]
tests\unit\test_programmatic_fixture_fewshots.py ....................    [ 72%]
tests\unit\test_provider_policy.py ..................................... [ 73%]
.                                                                        [ 73%]
tests\unit\test_publication_format_gate.py .....                         [ 73%]
tests\unit\test_publication_lifecycle_validators.py .................... [ 74%]
................                                                         [ 74%]
tests\unit\test_publication_readiness_validators.py .................... [ 75%]
.                                                                        [ 75%]
tests\unit\test_publish_pr_readme_gate.py ...................            [ 75%]
tests\unit\test_publishing.py .......................................... [ 76%]
..............................                                           [ 77%]
tests\unit\test_publishing_approval_gate.py ...........                  [ 77%]
tests\unit\test_readme_audit_gate.py ..............                      [ 78%]
tests\unit\test_readme_auditor_semantic.py ..................            [ 78%]
tests\unit\test_readme_contract_rendering.py .........                   [ 78%]
tests\unit\test_readme_facts_extraction.py .........                     [ 79%]
tests\unit\test_readme_inventory.py ..............                       [ 79%]
tests\unit\test_readme_io_cardinality_display.py .......                 [ 79%]
tests\unit\test_readme_renderer.py ..................................... [ 80%]
...........................................                              [ 81%]
tests\unit\test_readme_staleness.py ........                             [ 81%]
tests\unit\test_real_github_publisher.py ...........                     [ 82%]
tests\unit\test_reflection_catalog.py .........................          [ 82%]
tests\unit\test_registry_bundle_completeness_validators.py ............. [ 83%]
.....................                                                    [ 83%]
tests\unit\test_release_status.py .................................      [ 84%]
tests\unit\test_replay.py .............................................. [ 85%]
....                                                                     [ 85%]
tests\unit\test_reviewer_repair_loop.py ................                 [ 86%]
tests\unit\test_run_to_run_comparison.py ....................            [ 86%]
tests\unit\test_runner.py .............................................. [ 87%]
.........                                                                [ 88%]
tests\unit\test_runner_contract_evidence.py ....                         [ 88%]
tests\unit\test_safety_governance.py ..............................      [ 88%]
tests\unit\test_scenario_contracts.py .................................. [ 89%]
....................................                                     [ 90%]
tests\unit\test_scenario_planner.py ....................                 [ 91%]
tests\unit\test_scenario_selection_healing.py .......................... [ 91%]
...                                                                      [ 91%]
tests\unit\test_shared_downstream_executor.py ...................        [ 92%]
tests\unit\test_sprint34_new_modules.py ..........................       [ 93%]
tests\unit\test_sync_taskcard_docs.py .......                            [ 93%]
tests\unit\test_target_repo_health.py ....................               [ 93%]
tests\unit\test_taskcard_closeout_validators.py ........................ [ 94%]
...................................                                      [ 95%]
tests\unit\test_token_policy.py ...............                          [ 95%]
tests\unit\test_token_readiness_hardening.py ........................... [ 96%]
....                                                                     [ 96%]
tests\unit\test_validation.py ............................               [ 97%]
tests\unit\test_version_drift_checker.py ......................          [ 97%]
tests\unit\test_wave17_validators.py ................................... [ 98%]
........                                                                 [ 98%]
tests\unit\test_website_catalog_crawler.py ........                      [ 98%]
tests\unit\test_words_readiness_review.py .............................. [ 99%]
..........                                                               [100%]

================ 3917 passed, 18 skipped in 350.67s (0:05:50) =================
