============================= test session starts =============================
platform win32 -- Python 3.13.2, pytest-9.0.3, pluggy-1.6.0 -- C:\Users\prora\OneDrive\Documents\GitHub\lowcode-example-generator\.venv\Scripts\python.exe
cachedir: .pytest_cache
rootdir: C:\Users\prora\OneDrive\Documents\GitHub\lowcode-example-generator
configfile: pyproject.toml
plugins: timeout-2.4.0
timeout: 30.0s
timeout method: thread
timeout func_only: False
collecting ... collected 24 items / 17 deselected / 7 selected

tests/unit/test_merge_governance.py::TestBranchAutoDelete::test_dry_run_by_default PASSED [ 14%]
tests/unit/test_merge_governance.py::TestBranchAutoDelete::test_dry_run_does_not_call_api PASSED [ 28%]
tests/unit/test_merge_governance.py::TestBranchAutoDelete::test_lowcode_wave_prefix_recognized PASSED [ 42%]
tests/unit/test_merge_governance.py::TestBranchAutoDelete::test_no_api_call_when_flag_disabled PASSED [ 57%]
tests/unit/test_merge_governance.py::TestBranchAutoDelete::test_skips_feature_branch_without_prefix PASSED [ 71%]
tests/unit/test_merge_governance.py::TestBranchAutoDelete::test_skips_non_lowcode_branch PASSED [ 85%]
tests/unit/test_merge_governance.py::TestBranchAutoDelete::test_skips_when_flag_disabled PASSED [100%]

====================== 7 passed, 17 deselected in 0.39s =======================
