============================= test session starts =============================
platform win32 -- Python 3.13.2, pytest-9.0.3, pluggy-1.6.0 -- C:\Users\prora\OneDrive\Documents\GitHub\lowcode-example-generator-gitlab\.venv\Scripts\python.exe
cachedir: .pytest_cache
rootdir: C:\Users\prora\OneDrive\Documents\GitHub\lowcode-example-generator-gitlab
configfile: pyproject.toml
plugins: timeout-2.4.0
timeout: 30.0s
timeout method: thread
timeout func_only: False
collecting ... collected 3240 items

tests/unit/test_agent_metrics_cli.py::TestCLIFlags::test_metrics_flags_registered PASSED [  0%]
tests/unit/test_agent_metrics_cli.py::TestCLIFlags::test_metrics_disabled_by_default PASSED [  0%]
tests/unit/test_agent_metrics_cli.py::TestCLIFlags::test_metrics_post_requires_metrics PASSED [  0%]
tests/unit/test_agent_metrics_cli.py::TestPipelineHook::test_finalize_dry_run PASSED [  0%]
tests/unit/test_agent_metrics_cli.py::TestPipelineHook::test_finalize_writes_evidence_files PASSED [  0%]
tests/unit/test_agent_metrics_cli.py::TestPipelineHook::test_finalize_strict_raises_on_invalid PASSED [  0%]
tests/unit/test_agent_metrics_cli.py::TestPipelineHook::test_finalize_non_strict_does_not_raise PASSED [  0%]
tests/unit/test_agent_metrics_cli.py::TestRunPipelineMetricsParam::test_run_pipeline_accepts_metrics_params PASSED [  0%]
tests/unit/test_agent_metrics_cli.py::TestRunPipelineMetricsParam::test_default_no_metrics PASSED [  0%]
tests/unit/test_agent_metrics_config.py::TestMetricsConfigLoading::test_loads_from_yaml PASSED [  0%]
tests/unit/test_agent_metrics_config.py::TestMetricsConfigLoading::test_website_comes_from_config_not_hardcoded PASSED [  0%]
tests/unit/test_agent_metrics_config.py::TestMetricsConfigLoading::test_default_website_is_aspose_net PASSED [  0%]
tests/unit/test_agent_metrics_config.py::TestMetricsConfigLoading::test_missing_file_returns_defaults PASSED [  0%]
tests/unit/test_agent_metrics_config.py::TestMetricsConfigLoading::test_override_dict PASSED [  0%]
tests/unit/test_agent_metrics_config.py::TestMetricsConfigValidation::test_valid_config_no_errors PASSED [  0%]
tests/unit/test_agent_metrics_config.py::TestMetricsConfigValidation::test_missing_agent_owner PASSED [  0%]
tests/unit/test_agent_metrics_config.py::TestMetricsConfigValidation::test_missing_family_mapping PASSED [  0%]
tests/unit/test_agent_metrics_config.py::TestMetricsConfigValidation::test_invalid_verdict_status PASSED [  0%]
tests/unit/test_agent_metrics_config.py::TestMetricsConfigValidation::test_validate_family_missing PASSED [  0%]
tests/unit/test_agent_metrics_config.py::TestMetricsConfigValidation::test_validate_family_present PASSED [  0%]
tests/unit/test_agent_metrics_config.py::TestMetricsConfigValidation::test_validate_command_missing PASSED [  0%]
tests/unit/test_agent_metrics_config.py::TestMetricsConfigValidation::test_validate_command_present PASSED [  0%]
tests/unit/test_agent_metrics_config.py::TestVerdictResolution::test_known_verdict PASSED [  0%]
tests/unit/test_agent_metrics_config.py::TestVerdictResolution::test_unknown_verdict_maps_to_failure PASSED [  0%]
tests/unit/test_agent_metrics_config.py::TestVerdictResolution::test_unknown_verdict_never_maps_to_success PASSED [  0%]
tests/unit/test_agent_metrics_config.py::TestMetricsCollector::test_empty_collector PASSED [  0%]
tests/unit/test_agent_metrics_config.py::TestMetricsCollector::test_record_call_increments PASSED [  0%]
tests/unit/test_agent_metrics_config.py::TestMetricsCollector::test_disabled_collector_ignores_calls PASSED [  0%]
tests/unit/test_agent_metrics_config.py::TestMetricsCollector::test_call_index_sequential PASSED [  0%]
tests/unit/test_agent_metrics_config.py::TestMetricsCollector::test_two_collectors_independent PASSED [  0%]
tests/unit/test_agent_metrics_config.py::TestProductionConfig::test_production_config_loads PASSED [  0%]
tests/unit/test_agent_metrics_config.py::TestProductionConfig::test_production_config_has_all_verdicts PASSED [  0%]
tests/unit/test_agent_metrics_config.py::TestProductionConfig::test_no_aspose_com_in_config_website PASSED [  1%]
tests/unit/test_agent_metrics_config.py::TestProductionConfig::test_metrics_yml_api_endpoint_is_empty PASSED [  1%]
tests/unit/test_agent_metrics_config.py::TestAgentMetricsEndpointEnvVar::test_agent_metrics_endpoint_overrides_empty_config PASSED [  1%]
tests/unit/test_agent_metrics_config.py::TestAgentMetricsEndpointEnvVar::test_agent_metrics_endpoint_absent_leaves_empty PASSED [  1%]
tests/unit/test_agent_metrics_config.py::TestAgentMetricsEndpointEnvVar::test_agent_metrics_endpoint_does_not_override_non_empty_config PASSED [  1%]
tests/unit/test_agent_metrics_evidence.py::TestEvidenceWriter::test_write_llm_calls_jsonl PASSED [  1%]
tests/unit/test_agent_metrics_evidence.py::TestEvidenceWriter::test_write_payload PASSED [  1%]
tests/unit/test_agent_metrics_evidence.py::TestEvidenceWriter::test_write_validation_result PASSED [  1%]
tests/unit/test_agent_metrics_evidence.py::TestEvidenceWriter::test_write_post_result PASSED [  1%]
tests/unit/test_agent_metrics_evidence.py::TestEvidenceWriter::test_no_secrets_in_evidence PASSED [  1%]
tests/unit/test_agent_metrics_evidence.py::TestEvidenceWriter::test_run_summary PASSED [  1%]
tests/unit/test_agent_metrics_payload.py::TestPayloadBuilder::test_website_from_config PASSED [  1%]
tests/unit/test_agent_metrics_payload.py::TestPayloadBuilder::test_custom_website_override PASSED [  1%]
tests/unit/test_agent_metrics_payload.py::TestPayloadBuilder::test_no_aspose_com_hardcoding PASSED [  1%]
tests/unit/test_agent_metrics_payload.py::TestPayloadBuilder::test_verdict_maps_correctly PASSED [  1%]
tests/unit/test_agent_metrics_payload.py::TestPayloadBuilder::test_unknown_verdict_maps_to_failure PASSED [  1%]
tests/unit/test_agent_metrics_payload.py::TestPayloadBuilder::test_missing_family_empty_product PASSED [  1%]
tests/unit/test_agent_metrics_payload.py::TestPayloadBuilder::test_job_type_test_override PASSED [  1%]
tests/unit/test_agent_metrics_payload.py::TestPayloadBuilder::test_test_mode_markers PASSED [  1%]
tests/unit/test_agent_metrics_payload.py::TestPayloadBuilder::test_all_production_verdicts_mapped PASSED [  1%]
tests/unit/test_agent_metrics_payload.py::TestPayloadValidator::test_valid_payload PASSED [  1%]
tests/unit/test_agent_metrics_payload.py::TestPayloadValidator::test_missing_field_invalid PASSED [  1%]
tests/unit/test_agent_metrics_payload.py::TestPayloadValidator::test_negative_integer_invalid PASSED [  1%]
tests/unit/test_agent_metrics_payload.py::TestPayloadValidator::test_missing_product_invalid PASSED [  1%]
tests/unit/test_agent_metrics_payload.py::TestPayloadValidator::test_status_validated_against_config PASSED [  1%]
tests/unit/test_agent_metrics_payload.py::TestPayloadValidator::test_website_validated_against_config PASSED [  1%]
tests/unit/test_agent_metrics_payload.py::TestPayloadValidator::test_missing_command_empty_job_type PASSED [  1%]
tests/unit/test_agent_metrics_poster.py::TestDryRun::test_dry_run_never_posts PASSED [  1%]
tests/unit/test_agent_metrics_poster.py::TestDryRun::test_dry_run_does_not_append_ledger PASSED [  1%]
tests/unit/test_agent_metrics_poster.py::TestTestOnlySprint::test_production_job_type_blocked PASSED [  1%]
tests/unit/test_agent_metrics_poster.py::TestTestOnlySprint::test_test_job_type_allowed PASSED [  1%]
tests/unit/test_agent_metrics_poster.py::TestDuplicatePrevention::test_duplicate_blocked PASSED [  1%]
tests/unit/test_agent_metrics_poster.py::TestDuplicatePrevention::test_force_repost_bypasses_duplicate PASSED [  2%]
tests/unit/test_agent_metrics_poster.py::TestNetworkFailure::test_network_error_graceful PASSED [  2%]
tests/unit/test_agent_metrics_poster.py::TestTokenSecurity::test_missing_token_blocks_post PASSED [  2%]
tests/unit/test_agent_metrics_poster.py::TestTokenSecurity::test_token_not_in_result PASSED [  2%]
tests/unit/test_agent_metrics_poster.py::TestLedger::test_ledger_created_on_success PASSED [  2%]
tests/unit/test_agent_metrics_production_gate.py::TestProductionGateEnvVar::test_production_gate_absent_keeps_sprint_true PASSED [  2%]
tests/unit/test_agent_metrics_production_gate.py::TestProductionGateEnvVar::test_production_gate_empty_string_keeps_sprint_true PASSED [  2%]
tests/unit/test_agent_metrics_production_gate.py::TestProductionGateEnvVar::test_production_gate_false_keeps_sprint_true PASSED [  2%]
tests/unit/test_agent_metrics_production_gate.py::TestProductionGateEnvVar::test_production_gate_mixed_case_invalid_keeps_sprint_true PASSED [  2%]
tests/unit/test_agent_metrics_production_gate.py::TestProductionGateEnvVar::test_production_gate_true_enables_production PASSED [  2%]
tests/unit/test_agent_metrics_production_gate.py::TestProductionGateDoesNotBypassOtherGates::test_production_gate_does_not_bypass_dry_run PASSED [  2%]
tests/unit/test_agent_metrics_production_gate.py::TestProductionGateDoesNotBypassOtherGates::test_production_gate_does_not_bypass_missing_token PASSED [  2%]
tests/unit/test_agent_metrics_production_gate.py::TestProductionGateDoesNotBypassOtherGates::test_production_gate_does_not_bypass_duplicate_ledger PASSED [  2%]
tests/unit/test_agent_metrics_production_gate.py::TestProductionGateDoesNotBypassOtherGates::test_production_gate_does_not_bypass_external_command_allowlist PASSED [  2%]
tests/unit/test_agent_metrics_production_gate.py::TestProductionGateDoesNotBypassOtherGates::test_force_repost_cannot_bypass_test_only_sprint PASSED [  2%]
tests/unit/test_agent_metrics_production_gate.py::TestProductionPayloadShape::test_production_payload_has_no_test_prefixes PASSED [  2%]
tests/unit/test_agent_metrics_production_gate.py::TestProductionPayloadShape::test_website_remains_aspose_net_in_production_mode PASSED [  2%]
tests/unit/test_agent_metrics_production_gate.py::TestRunnerProductionGateIntegration::test_runner_passes_test_only_sprint_false_when_gate_enabled PASSED [  2%]
tests/unit/test_agent_metrics_production_gate.py::TestRunnerProductionGateIntegration::test_runner_passes_test_only_sprint_true_by_default PASSED [  2%]
tests/unit/test_agent_metrics_router.py::TestOpenAICompatibleMetrics::test_usage_captured PASSED [  2%]
tests/unit/test_agent_metrics_router.py::TestOpenAICompatibleMetrics::test_missing_usage_handled PASSED [  2%]
tests/unit/test_agent_metrics_router.py::TestOpenAICompatibleMetrics::test_failed_request_counted_after_send PASSED [  2%]
tests/unit/test_agent_metrics_router.py::TestOpenAICompatibleMetrics::test_no_collector_still_works PASSED [  2%]
tests/unit/test_agent_metrics_router.py::TestOpenAICompatibleMetrics::test_generate_returns_str PASSED [  2%]
tests/unit/test_agent_metrics_router.py::TestOllamaMetrics::test_ollama_usage_captured PASSED [  2%]
tests/unit/test_agent_metrics_router.py::TestOllamaMetrics::test_ollama_missing_eval_count PASSED [  2%]
tests/unit/test_agent_metrics_router.py::TestPreflightNotCounted::test_preflight_get_not_counted PASSED [  2%]
tests/unit/test_agent_metrics_router.py::TestCollectorIsolation::test_two_routers_independent_collectors PASSED [  2%]
tests/unit/test_agent_metrics_runner.py::TestPipelineContextMetrics::test_context_has_metrics_collector_field PASSED [  2%]
tests/unit/test_agent_metrics_runner.py::TestPipelineContextMetrics::test_context_accepts_metrics_collector PASSED [  2%]
tests/unit/test_agent_metrics_runner.py::TestPipelineContextMetrics::test_metrics_collector_none_by_default_no_overhead PASSED [  2%]
tests/unit/test_agent_metrics_session.py::TestSessionLifecycle::test_session_starts_active PASSED [  2%]
tests/unit/test_agent_metrics_session.py::TestSessionLifecycle::test_excluded_command_not_active PASSED [  2%]
tests/unit/test_agent_metrics_session.py::TestSessionLifecycle::test_inactive_session_finalize_noop PASSED [  3%]
tests/unit/test_agent_metrics_session.py::TestCountSourcePolicy::test_run_command_external_allowed PASSED [  3%]
tests/unit/test_agent_metrics_session.py::TestCountSourcePolicy::test_discover_command_local_only PASSED [  3%]
tests/unit/test_agent_metrics_session.py::TestCountSourcePolicy::test_status_command_excluded PASSED [  3%]
tests/unit/test_agent_metrics_session.py::TestCountSourcePolicy::test_check_command_excluded PASSED [  3%]
tests/unit/test_agent_metrics_session.py::TestLocalOnlyBlocking::test_local_only_command_blocks_external_post PASSED [  3%]
tests/unit/test_agent_metrics_session.py::TestLocalOnlyBlocking::test_local_only_command_records_llm_metrics PASSED [  3%]
tests/unit/test_agent_metrics_session.py::TestLocalOnlyBlocking::test_test_job_type_bypasses_local_only PASSED [  3%]
tests/unit/test_agent_metrics_session.py::TestEvidenceWriting::test_session_writes_all_evidence PASSED [  3%]
tests/unit/test_agent_metrics_session.py::TestEvidenceWriting::test_summary_includes_count_policy PASSED [  3%]
tests/unit/test_agent_metrics_session.py::TestAgentName::test_production_agent_name_is_stable PASSED [  3%]
tests/unit/test_agent_metrics_session.py::TestAgentName::test_production_agent_name_same_for_all_commands PASSED [  3%]
tests/unit/test_agent_metrics_session.py::TestAgentName::test_test_mode_prefixes_agent_name PASSED [  3%]
tests/unit/test_agent_metrics_session.py::TestAgentName::test_command_in_job_type_not_agent_name PASSED [  3%]
tests/unit/test_agent_metrics_session.py::TestAgentName::test_production_config_agent_name PASSED [  3%]
tests/unit/test_agent_metrics_session.py::TestAutomaticLLMCapture::test_router_with_collector_records_calls PASSED [  3%]
tests/unit/test_agent_metrics_session.py::TestAutomaticLLMCapture::test_non_run_command_with_router_records_metrics PASSED [  3%]
tests/unit/test_agent_metrics_session.py::TestAutomaticLLMCapture::test_disabled_metrics_no_side_effects PASSED [  3%]
tests/unit/test_agent_metrics_session.py::TestSafetyGates::test_dry_run_session_never_posts PASSED [  3%]
tests/unit/test_agent_metrics_session.py::TestSafetyGates::test_force_repost_cannot_bypass_production_safety PASSED [  3%]
tests/unit/test_api_delta.py::TestDeltaEngine::test_initial_run_all_added PASSED [  3%]
tests/unit/test_api_delta.py::TestDeltaEngine::test_no_change_returns_empty PASSED [  3%]
tests/unit/test_api_delta.py::TestDeltaEngine::test_added_type_detected PASSED [  3%]
tests/unit/test_api_delta.py::TestDeltaEngine::test_removed_type_detected PASSED [  3%]
tests/unit/test_api_delta.py::TestDeltaEngine::test_modified_type_detected PASSED [  3%]
tests/unit/test_api_delta.py::TestDeltaEngine::test_write_delta_report PASSED [  3%]
tests/unit/test_api_delta.py::TestImpactMapper::test_initial_run_all_new PASSED [  3%]
tests/unit/test_api_delta.py::TestImpactMapper::test_removed_type_impacts_example PASSED [  3%]
tests/unit/test_api_delta.py::TestImpactMapper::test_modified_type_impacts_example PASSED [  3%]
tests/unit/test_api_delta.py::TestImpactMapper::test_no_impact_unaffected_example PASSED [  3%]
tests/unit/test_api_delta.py::TestImpactMapper::test_write_impact_report PASSED [  3%]
tests/unit/test_aspose_links.py::TestAsposeNetLinksBuilder::test_cells_links_use_aspose_net_not_aspose_com PASSED [  3%]
tests/unit/test_aspose_links.py::TestAsposeNetLinksBuilder::test_words_links_use_aspose_net_not_aspose_com PASSED [  4%]
tests/unit/test_aspose_links.py::TestAsposeNetLinksBuilder::test_pdf_links_use_aspose_net_not_aspose_com PASSED [  4%]
tests/unit/test_aspose_links.py::TestAsposeNetLinksBuilder::test_product_docs_reference_kb_have_no_net_platform_suffix PASSED [  4%]
tests/unit/test_aspose_links.py::TestAsposeNetLinksBuilder::test_cells_product_url_is_correct PASSED [  4%]
tests/unit/test_aspose_links.py::TestAsposeNetLinksBuilder::test_cells_docs_url_is_correct PASSED [  4%]
tests/unit/test_aspose_links.py::TestAsposeNetLinksBuilder::test_cells_kb_url_is_correct PASSED [  4%]
tests/unit/test_aspose_links.py::TestAsposeNetLinksBuilder::test_cells_api_reference_url_is_correct PASSED [  4%]
tests/unit/test_aspose_links.py::TestAsposeNetLinksBuilder::test_blog_url_uses_categories_and_plugin_family_pattern PASSED [  4%]
tests/unit/test_aspose_links.py::TestAsposeNetLinksBuilder::test_contact_url_is_about_aspose_net_contact PASSED [  4%]
tests/unit/test_aspose_links.py::TestAsposeNetLinksBuilder::test_temporary_license_url_is_purchase_aspose_net PASSED [  4%]
tests/unit/test_aspose_links.py::TestAsposeNetLinksBuilder::test_support_url_uses_forum_aspose_net_with_trailing_slash PASSED [  4%]
tests/unit/test_aspose_links.py::TestFindForbiddenAsposeComLinks::test_detects_products_aspose_com PASSED [  4%]
tests/unit/test_aspose_links.py::TestFindForbiddenAsposeComLinks::test_detects_docs_aspose_com PASSED [  4%]
tests/unit/test_aspose_links.py::TestFindForbiddenAsposeComLinks::test_detects_reference_aspose_com PASSED [  4%]
tests/unit/test_aspose_links.py::TestFindForbiddenAsposeComLinks::test_detects_blog_aspose_com PASSED [  4%]
tests/unit/test_aspose_links.py::TestFindForbiddenAsposeComLinks::test_detects_purchase_aspose_com PASSED [  4%]
tests/unit/test_aspose_links.py::TestFindForbiddenAsposeComLinks::test_detects_forum_aspose_com PASSED [  4%]
tests/unit/test_aspose_links.py::TestFindForbiddenAsposeComLinks::test_detects_about_aspose_com PASSED [  4%]
tests/unit/test_aspose_links.py::TestFindForbiddenAsposeComLinks::test_clean_readme_returns_empty PASSED [  4%]
tests/unit/test_aspose_links.py::TestFindForbiddenAsposeComLinks::test_allows_github_and_nuget_and_shields PASSED [  4%]
tests/unit/test_aspose_links.py::TestFindPlatformPathErrors::test_detects_products_aspose_net_cells_net PASSED [  4%]
tests/unit/test_aspose_links.py::TestFindPlatformPathErrors::test_detects_docs_aspose_net_words_net PASSED [  4%]
tests/unit/test_aspose_links.py::TestFindPlatformPathErrors::test_clean_aspose_net_returns_empty PASSED [  4%]
tests/unit/test_aspose_links.py::TestFindWrongBlogLinks::test_detects_blog_aspose_com_category PASSED [  4%]
tests/unit/test_aspose_links.py::TestFindWrongBlogLinks::test_correct_blog_aspose_net_returns_empty PASSED [  4%]
tests/unit/test_aspose_links.py::TestFindWrongContactLinks::test_detects_about_aspose_com_contact_us PASSED [  4%]
tests/unit/test_aspose_links.py::TestFindWrongContactLinks::test_correct_about_aspose_net_returns_empty PASSED [  4%]
tests/unit/test_aspose_links.py::TestFindMissingRequiredLinks::test_detects_missing_kb_link PASSED [  4%]
tests/unit/test_aspose_links.py::TestFindMissingRequiredLinks::test_no_missing_when_kb_present PASSED [  4%]
tests/unit/test_aspose_links.py::TestRendererUsesAsposeNetLinks::test_cells_rendered_readme_uses_aspose_net_links PASSED [  4%]
tests/unit/test_aspose_links.py::TestRendererUsesAsposeNetLinks::test_words_rendered_readme_uses_aspose_net_links PASSED [  4%]
tests/unit/test_aspose_links.py::TestRendererUsesAsposeNetLinks::test_pdf_rendered_readme_uses_aspose_net_links PASSED [  4%]
tests/unit/test_aspose_links.py::TestRendererUsesAsposeNetLinks::test_rendered_readme_includes_kb_link PASSED [  5%]
tests/unit/test_aspose_links.py::TestRendererUsesAsposeNetLinks::test_rendered_readme_includes_contact_link PASSED [  5%]
tests/unit/test_aspose_links.py::TestRendererUsesAsposeNetLinks::test_rendered_readme_does_not_include_wrong_contact PASSED [  5%]
tests/unit/test_aspose_links.py::TestRendererUsesAsposeNetLinks::test_rendered_readme_has_no_forbidden_aspose_com_links PASSED [  5%]
tests/unit/test_aspose_links.py::TestRendererUsesAsposeNetLinks::test_rendered_readme_has_no_platform_path_errors PASSED [  5%]
tests/unit/test_aspose_links.py::TestAuditorRejectsAsposeComLinks::test_auditor_rejects_products_aspose_com PASSED [  5%]
tests/unit/test_aspose_links.py::TestAuditorRejectsAsposeComLinks::test_auditor_rejects_docs_aspose_com PASSED [  5%]
tests/unit/test_aspose_links.py::TestAuditorRejectsAsposeComLinks::test_auditor_rejects_reference_aspose_com PASSED [  5%]
tests/unit/test_aspose_links.py::TestAuditorRejectsAsposeComLinks::test_auditor_rejects_blog_aspose_com_category PASSED [  5%]
tests/unit/test_aspose_links.py::TestAuditorRejectsAsposeComLinks::test_auditor_rejects_purchase_aspose_com PASSED [  5%]
tests/unit/test_aspose_links.py::TestAuditorRejectsAsposeComLinks::test_auditor_rejects_forum_aspose_com PASSED [  5%]
tests/unit/test_aspose_links.py::TestAuditorRejectsAsposeComLinks::test_auditor_rejects_about_aspose_com_contact_us PASSED [  5%]
tests/unit/test_aspose_links.py::TestAuditorRejectsAsposeComLinks::test_auditor_rejects_aspose_net_with_platform_suffix PASSED [  5%]
tests/unit/test_aspose_links.py::TestAuditorRejectsAsposeComLinks::test_auditor_rejects_missing_kb_link PASSED [  5%]
tests/unit/test_aspose_links.py::TestAuditorRejectsAsposeComLinks::test_auditor_passes_clean_aspose_net_readme PASSED [  5%]
tests/unit/test_aspose_links.py::TestAuditorRejectsAsposeComLinks::test_publish_path_blocks_on_forbidden_links PASSED [  5%]
tests/unit/test_catalog_hash_enforcement.py::TestCatalogHashComputation::test_hash_is_deterministic PASSED [  5%]
tests/unit/test_catalog_hash_enforcement.py::TestCatalogHashComputation::test_hash_is_hex_string_64_chars PASSED [  5%]
tests/unit/test_catalog_hash_enforcement.py::TestCatalogHashComputation::test_hash_differs_on_catalog_change PASSED [  5%]
tests/unit/test_catalog_hash_enforcement.py::TestCatalogHashComputation::test_hash_ignores_key_order PASSED [  5%]
tests/unit/test_catalog_hash_enforcement.py::TestCatalogHashValidation::test_match_passes PASSED [  5%]
tests/unit/test_catalog_hash_enforcement.py::TestCatalogHashValidation::test_mismatch_detected PASSED [  5%]
tests/unit/test_catalog_hash_enforcement.py::TestCatalogHashValidation::test_missing_denominator_graceful PASSED [  5%]
tests/unit/test_catalog_hash_enforcement.py::TestCatalogHashValidation::test_denominator_without_sha256_field PASSED [  5%]
tests/unit/test_catalog_hash_enforcement.py::TestCatalogHashValidation::test_strict_mode_raises_on_mismatch PASSED [  5%]
tests/unit/test_catalog_hash_enforcement.py::TestCatalogHashValidation::test_strict_mode_passes_on_match PASSED [  5%]
tests/unit/test_catalog_hash_enforcement.py::TestCatalogHashValidation::test_result_to_dict PASSED [  5%]
tests/unit/test_catalog_hash_enforcement.py::TestPlanScenariosWithRepoRoot::test_plan_scenarios_accepts_repo_root PASSED [  5%]
tests/unit/test_catalog_hash_enforcement.py::TestPlanScenariosWithRepoRoot::test_plan_scenarios_without_repo_root_skips_check PASSED [  5%]
tests/unit/test_catalog_hash_enforcement.py::TestPlanScenariosWithRepoRoot::test_plan_scenarios_raises_on_hash_mismatch PASSED [  5%]
tests/unit/test_catalog_hash_enforcement.py::TestPlanScenariosWithRepoRoot::test_plan_scenarios_passes_on_hash_match PASSED [  5%]
tests/unit/test_catalog_hash_enforcement.py::TestRunnerCatalogHashEnforcement::test_scenario_planning_is_hard_stop_stage PASSED [  5%]
tests/unit/test_catalog_hash_enforcement.py::TestRunnerCatalogHashEnforcement::test_runner_raises_on_catalog_hash_mismatch PASSED [  5%]
tests/unit/test_catalog_hash_enforcement.py::TestRunnerCatalogHashEnforcement::test_runner_writes_evidence_before_raising PASSED [  6%]
tests/unit/test_catalog_hash_enforcement.py::TestRunnerCatalogHashEnforcement::test_runner_proceeds_on_hash_match PASSED [  6%]
tests/unit/test_ci_runbook_hardening.py::TestMonthlyRunbook::test_monthly_runbook_uses_github_token PASSED [  6%]
tests/unit/test_ci_runbook_hardening.py::TestMonthlyRunbook::test_monthly_runbook_pdf_blocked_until_is_not_stale PASSED [  6%]
tests/unit/test_ci_runbook_hardening.py::TestMonthlyRunbook::test_monthly_runbook_step1_does_not_use_check_command PASSED [  6%]
tests/unit/test_ci_runbook_hardening.py::TestMonthlyRunbook::test_monthly_runbook_has_required_fields PASSED [  6%]
tests/unit/test_ci_runbook_hardening.py::TestMonthlyRunbook::test_monthly_runbook_merge_approval_is_separate PASSED [  6%]
tests/unit/test_ci_runbook_hardening.py::TestCIEnvDocs::test_ci_docs_file_exists PASSED [  6%]
tests/unit/test_ci_runbook_hardening.py::TestCIEnvDocs::test_ci_docs_include_required_env_vars PASSED [  6%]
tests/unit/test_ci_runbook_hardening.py::TestCIEnvDocs::test_ci_docs_approve_tokens_not_in_ci_secrets PASSED [  6%]
tests/unit/test_cli_defaults.py::TestCLIDefaults::test_default_run_not_template_mode PASSED [  6%]
tests/unit/test_cli_defaults.py::TestCLIDefaults::test_default_run_not_skip_run PASSED [  6%]
tests/unit/test_cli_defaults.py::TestCLIDefaults::test_default_dry_run_true PASSED [  6%]
tests/unit/test_cli_defaults.py::TestCLIDefaults::test_template_mode_flag_works PASSED [  6%]
tests/unit/test_cli_defaults.py::TestCLIDefaults::test_skip_run_flag_works PASSED [  6%]
tests/unit/test_cli_defaults.py::TestCLIDefaults::test_require_llm_flag_works PASSED [  6%]
tests/unit/test_cli_defaults.py::TestCLIDefaults::test_require_validation_flag_works PASSED [  6%]
tests/unit/test_cli_defaults.py::TestCLIDefaults::test_require_reviewer_flag_works PASSED [  6%]
tests/unit/test_cli_defaults.py::TestCLIDefaults::test_tier_flag_works PASSED [  6%]
tests/unit/test_cli_defaults.py::TestCLIDefaults::test_promote_latest_flag_works PASSED [  6%]
tests/unit/test_cli_defaults.py::TestCLIDefaults::test_allow_experimental_flag_works PASSED [  6%]
tests/unit/test_cli_defaults.py::TestCLIDefaults::test_publish_implies_require_validation PASSED [  6%]
tests/unit/test_cli_defaults.py::TestCLIDefaults::test_publish_implies_require_reviewer PASSED [  6%]
tests/unit/test_cli_defaults.py::TestCLIDefaults::test_publish_sets_dry_run_false PASSED [  6%]
tests/unit/test_cli_defaults.py::TestCLIDefaults::test_publish_without_token_fails PASSED [  6%]
tests/unit/test_cli_defaults.py::TestCLIDefaults::test_all_flags_parsed PASSED [  6%]
tests/unit/test_code_contract_validator.py::test_valid_code_passes PASSED [  6%]
tests/unit/test_code_contract_validator.py::test_wrong_output_extension_fails PASSED [  6%]
tests/unit/test_code_contract_validator.py::test_dot_out_fails PASSED    [  6%]
tests/unit/test_code_contract_validator.py::test_stdout_type_no_add_output PASSED [  6%]
tests/unit/test_code_contract_validator.py::test_stdout_type_with_add_output_fails PASSED [  6%]
tests/unit/test_code_contract_validator.py::test_same_format_converter_guard PASSED [  6%]
tests/unit/test_code_contract_validator.py::test_correct_input_extension PASSED [  7%]
tests/unit/test_code_contract_validator.py::test_wrong_input_extension PASSED [  7%]
tests/unit/test_code_contract_validator.py::test_collection_output_kind_passes PASSED [  7%]
tests/unit/test_code_contract_validator.py::test_none_output_kind_no_output_file_passes PASSED [  7%]
tests/unit/test_code_contract_validator.py::test_none_output_kind_with_output_file_fails PASSED [  7%]
tests/unit/test_code_contract_validator.py::test_transform_operation_no_same_format_guard PASSED [  7%]
tests/unit/test_code_quality_sprint.py::TestPromptForbidsConsoleReadKey::test_prompt_forbids_console_readkey PASSED [  7%]
tests/unit/test_code_quality_sprint.py::TestPromptForbidsConsoleReadLine::test_prompt_forbids_console_readline PASSED [  7%]
tests/unit/test_code_quality_sprint.py::TestCodeValidatorDetectsInteractive::test_validate_code_detects_readkey PASSED [  7%]
tests/unit/test_code_quality_sprint.py::TestCodeValidatorDetectsInteractive::test_validate_code_detects_readline PASSED [  7%]
tests/unit/test_code_quality_sprint.py::TestCodeValidatorDetectsInteractive::test_validate_code_passes_clean PASSED [  7%]
tests/unit/test_code_quality_sprint.py::TestInputFormatMapTextConverterNotXlsx::test_input_format_map_text_converter PASSED [  7%]
tests/unit/test_code_quality_sprint.py::TestInputFormatMapTextConverterNotXlsx::test_input_format_map_html_converter PASSED [  7%]
tests/unit/test_code_quality_sprint.py::TestInputFormatMapTextConverterNotXlsx::test_input_format_map_unknown_uses_default PASSED [  7%]
tests/unit/test_code_quality_sprint.py::TestInputFormatMapTextConverterNotXlsx::test_text_converter_scenario_uses_xlsx PASSED [  7%]
tests/unit/test_code_quality_sprint.py::TestLlmPacketUsesVerifiedFewshotOnly::test_llm_packet_uses_verified_fewshot_only PASSED [  7%]
tests/unit/test_code_quality_sprint.py::TestLlmPacketUsesVerifiedFewshotOnly::test_no_fewshot_for_programmatic PASSED [  7%]
tests/unit/test_code_quality_sprint.py::TestRuntimeFailureClassifiesInteractiveConsoleCall::test_runtime_failure_classifies_interactive_console_call PASSED [  7%]
tests/unit/test_code_quality_sprint.py::TestRuntimeFailureClassifiesInteractiveConsoleCall::test_runtime_failure_classifies_wrong_input_format PASSED [  7%]
tests/unit/test_code_quality_sprint.py::TestBuildRepairReadsStdoutAndStderr::test_build_repair_reads_stdout_and_stderr PASSED [  7%]
tests/unit/test_code_quality_sprint.py::TestSemanticValidatorChecksCsvContent::test_semantic_validator_checks_csv_content PASSED [  7%]
tests/unit/test_code_quality_sprint.py::TestSemanticValidatorChecksJsonParse::test_semantic_validator_checks_json_parse PASSED [  7%]
tests/unit/test_code_quality_sprint.py::TestSemanticValidatorChecksJsonParse::test_semantic_validator_fails_invalid_json PASSED [  7%]
tests/unit/test_code_quality_sprint.py::TestSemanticValidatorChecksHtmlContent::test_semantic_validator_checks_html_content PASSED [  7%]
tests/unit/test_code_quality_sprint.py::TestSemanticValidatorChecksPdfHeader::test_semantic_validator_checks_pdf_header PASSED [  7%]
tests/unit/test_code_quality_sprint.py::TestSemanticValidatorChecksPdfHeader::test_semantic_validator_rejects_invalid_pdf PASSED [  7%]
tests/unit/test_code_quality_sprint.py::TestGeneratedFixtureContainsKnownValues::test_generated_fixture_contains_known_values PASSED [  7%]
tests/unit/test_code_quality_sprint.py::TestGeneratedFixtureContainsKnownValues::test_json_fixture_known_values PASSED [  7%]
tests/unit/test_code_quality_sprint.py::TestGeneratedFixtureContainsKnownValues::test_html_fixture_known_values PASSED [  7%]
tests/unit/test_code_quality_sprint.py::TestGeneratedFixtureContainsKnownValues::test_txt_fixture_known_values PASSED [  7%]
tests/unit/test_code_quality_sprint.py::TestGeneratedFixtureContainsKnownValues::test_xlsx_fixture_has_data_sheet PASSED [  7%]
tests/unit/test_code_quality_sprint.py::TestDiscoverLowcodeDoesNotGenerateExamples::test_discover_lowcode_does_not_generate_examples PASSED [  7%]
tests/unit/test_code_quality_sprint.py::TestDiscoverLowcodeDoesNotCallLlm::test_discover_lowcode_does_not_call_llm PASSED [  7%]
tests/unit/test_code_quality_sprint.py::TestDiscoverLowcodeWritesFamilyInventory::test_discover_lowcode_writes_family_inventory PASSED [  8%]
tests/unit/test_code_quality_sprint.py::TestDiscoverySweepDepsResolution::test_discovery_sweep_resolves_dependencies PASSED [  8%]
tests/unit/test_code_quality_sprint.py::TestDiscoverySweepDepsResolution::test_discovery_sweep_passes_deps_to_reflector PASSED [  8%]
tests/unit/test_code_quality_sprint.py::TestDiscoverySweepDepsResolution::test_discovery_result_has_dependency_fields PASSED [  8%]
tests/unit/test_code_quality_sprint.py::TestDiscoverySweepDepsResolution::test_discover_lowcode_writes_family_proofs PASSED [  8%]
tests/unit/test_code_quality_sprint.py::TestMultiFamilyDiscoveryExpansion::test_discover_lowcode_accepts_specific_family_list PASSED [  8%]
tests/unit/test_code_quality_sprint.py::TestMultiFamilyDiscoveryExpansion::test_discover_lowcode_skips_generation_for_words_pdf PASSED [  8%]
tests/unit/test_code_quality_sprint.py::TestMultiFamilyDiscoveryExpansion::test_discovery_writes_family_source_of_truth_proofs PASSED [  8%]
tests/unit/test_code_quality_sprint.py::TestMultiFamilyDiscoveryExpansion::test_disabled_families_remain_skipped PASSED [  8%]
tests/unit/test_code_quality_sprint.py::TestMultiFamilyDiscoveryExpansion::test_disabled_families_remain_skipped_by_path PASSED [  8%]
tests/unit/test_code_quality_sprint.py::TestMultiFamilyDiscoveryExpansion::test_discovery_only_status_allows_discovery_without_experimental_flag PASSED [  8%]
tests/unit/test_code_quality_sprint.py::TestMultiFamilyDiscoveryExpansion::test_discovery_ranker_outputs_generation_readiness PASSED [  8%]
tests/unit/test_code_quality_sprint.py::TestOutputFormatInference::test_infer_output_text_converter PASSED [  8%]
tests/unit/test_code_quality_sprint.py::TestOutputFormatInference::test_infer_output_json_converter PASSED [  8%]
tests/unit/test_code_quality_sprint.py::TestOutputFormatInference::test_infer_output_pdf_converter PASSED [  8%]
tests/unit/test_code_quality_sprint.py::TestOutputFormatInference::test_infer_output_unknown PASSED [  8%]
tests/unit/test_code_quality_sprint.py::TestPdfOptimizerBuildRepairConstraints::test_pdf_optimizer_repair_prompt_preserves_optimizeoptions_constraint PASSED [  8%]
tests/unit/test_code_quality_sprint.py::TestPdfOptimizerBuildRepairConstraints::test_pdf_optimizer_repair_prompt_preserves_exact_usage_pattern PASSED [  8%]
tests/unit/test_code_quality_sprint.py::TestPdfOptimizerBuildRepairConstraints::test_pdf_optimizer_rejects_file_copy_semantic_substitute PASSED [  8%]
tests/unit/test_code_quality_sprint.py::TestPdfOptimizerBuildRepairConstraints::test_pdf_optimizer_requires_lowcode_optimizer_process PASSED [  8%]
tests/unit/test_code_quality_sprint.py::TestPdfOptimizerBuildRepairConstraints::test_pdf_repair_prompt_preserves_packet_constraints_for_all_pdf_pilot_types PASSED [  8%]
tests/unit/test_code_quality_sprint.py::TestPdfTextExtractorRegressionRules::test_pdf_textextractor_regression_rule_accepts_valid_lowcode_pattern PASSED [  8%]
tests/unit/test_code_quality_sprint.py::TestPdfTextExtractorRegressionRules::test_pdf_textextractor_regression_rule_rejects_textabsorber PASSED [  8%]
tests/unit/test_code_quality_sprint.py::TestPdfOptimizerRepairPromptForbiddenConstraint::test_code_generator_optimizer_repair_prompt_includes_datasources_forbidden_constraint PASSED [  8%]
tests/unit/test_code_quality_sprint.py::TestPdfOptimizerRepairPromptForbiddenConstraint::test_code_generator_optimizer_repair_prompt_includes_pluginoptions_forbidden_constraint PASSED [  8%]
tests/unit/test_code_quality_sprint.py::TestPdfOptimizerRepairPromptForbiddenConstraint::test_code_generator_optimizer_repair_prompt_includes_filecopy_forbidden_constraint PASSED [  8%]
tests/unit/test_code_quality_sprint.py::TestPdfOptimizerRepairPromptForbiddenConstraint::test_existing_splitter_repair_constraints_not_broken PASSED [  8%]
tests/unit/test_codegen_contract_consumption.py::TestCodegenContractConsumption::test_spreadsheetconverter_returns_csv_from_contract PASSED [  8%]
tests/unit/test_codegen_contract_consumption.py::TestCodegenContractConsumption::test_formexporter_returns_json_from_contract PASSED [  8%]
tests/unit/test_codegen_contract_consumption.py::TestCodegenContractConsumption::test_textconverter_returns_txt_from_contract PASSED [  8%]
tests/unit/test_codegen_contract_consumption.py::TestCodegenContractConsumption::test_words_converter_returns_pdf PASSED [  8%]
tests/unit/test_codegen_contract_consumption.py::TestCodegenLegacyMapDeprecated::test_legacy_map_not_overriding_contract PASSED [  8%]
tests/unit/test_codegen_contract_consumption.py::TestCodegenLegacyMapDeprecated::test_no_dot_out_from_active_type PASSED [  9%]
tests/unit/test_completion_queue.py::TestQueueFileIntegrity::test_queue_file_exists PASSED [  9%]
tests/unit/test_completion_queue.py::TestQueueFileIntegrity::test_queue_parses_as_json PASSED [  9%]
tests/unit/test_completion_queue.py::TestQueueFileIntegrity::test_queue_has_entries PASSED [  9%]
tests/unit/test_completion_queue.py::TestQueueFileIntegrity::test_queue_has_total_entries PASSED [  9%]
tests/unit/test_completion_queue.py::TestQueueFileIntegrity::test_queue_has_state_summary PASSED [  9%]
tests/unit/test_completion_queue.py::TestQueueFileIntegrity::test_all_entries_have_required_fields PASSED [  9%]
tests/unit/test_completion_queue.py::TestQueueFileIntegrity::test_all_states_are_valid PASSED [  9%]
tests/unit/test_completion_queue.py::TestQueueFileIntegrity::test_scenario_ids_are_unique PASSED [  9%]
tests/unit/test_completion_queue.py::TestQueueFileIntegrity::test_families_are_valid PASSED [  9%]
tests/unit/test_completion_queue.py::TestQueueCoversDenominator::test_cells_runnable_all_in_queue PASSED [  9%]
tests/unit/test_completion_queue.py::TestQueueCoversDenominator::test_words_pilot_published_in_queue_as_post_merge_verified PASSED [  9%]
tests/unit/test_completion_queue.py::TestQueueCoversDenominator::test_pdf_pilot_active_pipeline_in_queue PASSED [  9%]
tests/unit/test_completion_queue.py::TestQueueCoversDenominator::test_active_pipeline_entries_match_denominator PASSED [  9%]
tests/unit/test_completion_queue.py::TestQueueCoversDenominator::test_total_queue_covers_active_plus_backlogged PASSED [  9%]
tests/unit/test_completion_queue.py::TestQueueStateConsistency::test_merged_entries_have_merge_sha PASSED [  9%]
tests/unit/test_completion_queue.py::TestQueueStateConsistency::test_post_merge_verified_entries_have_post_merge_validation PASSED [  9%]
tests/unit/test_completion_queue.py::TestQueueStateConsistency::test_cells_all_post_merge_verified PASSED [  9%]
tests/unit/test_completion_queue.py::TestQueueStateConsistency::test_words_pilot_entries_post_merge_verified PASSED [  9%]
tests/unit/test_completion_queue.py::TestQueueStateConsistency::test_pdf_wave_b_g_entries_are_post_merge_verified PASSED [  9%]
tests/unit/test_completion_queue.py::TestQueueStateConsistency::test_pdf_merger_and_text_extractor_are_post_merge_verified PASSED [  9%]
tests/unit/test_completion_queue.py::TestQueueStateConsistency::test_pdf_splitter_is_post_merge_verified PASSED [  9%]
tests/unit/test_completion_queue.py::TestQueueStateConsistency::test_pdf_optimizer_is_reviewed PASSED [  9%]
tests/unit/test_completion_queue.py::TestQueueStateConsistency::test_state_summary_counts_match_entries PASSED [  9%]
tests/unit/test_completion_queue.py::TestBackloggedEntries::test_backlogged_entries_have_blocking_reason PASSED [  9%]
tests/unit/test_completion_queue.py::TestBackloggedEntries::test_backlogged_entries_have_blocking_taskcard PASSED [  9%]
tests/unit/test_completion_queue.py::TestBackloggedEntries::test_pdf_deferred_workflow_roots_in_queue PASSED [  9%]
tests/unit/test_completion_queue.py::TestBackloggedEntries::test_words_deferred_scenarios_in_queue PASSED [  9%]
tests/unit/test_completion_queue.py::TestBackloggedEntries::test_backlogged_pdf_entries_are_not_published PASSED [  9%]
tests/unit/test_completion_queue.py::TestBackloggedEntries::test_backlogged_words_entries_are_not_published PASSED [  9%]
tests/unit/test_contract_vs_constraints_semantics.py::TestConstraintSemantics::test_no_instruction_text_in_constraints PASSED [  9%]
tests/unit/test_contract_vs_constraints_semantics.py::TestConstraintSemantics::test_constraints_are_strings PASSED [  9%]
tests/unit/test_contract_vs_constraints_semantics.py::TestConstraintSemantics::test_constraints_not_empty_strings PASSED [ 10%]
tests/unit/test_contract_vs_constraints_semantics.py::TestConstraintSemantics::test_required_constraints_are_code_tokens PASSED [ 10%]
tests/unit/test_denominator_model.py::TestDenominatorFilesExist::test_cells_denominator_exists PASSED [ 10%]
tests/unit/test_denominator_model.py::TestDenominatorFilesExist::test_words_denominator_exists PASSED [ 10%]
tests/unit/test_denominator_model.py::TestDenominatorFilesExist::test_pdf_denominator_exists PASSED [ 10%]
tests/unit/test_denominator_model.py::TestDenominatorFilesExist::test_diagram_denominator_exists PASSED [ 10%]
tests/unit/test_denominator_model.py::TestDenominatorFilesExist::test_email_denominator_exists PASSED [ 10%]
tests/unit/test_denominator_model.py::TestDenominatorFilesExist::test_slides_denominator_exists PASSED [ 10%]
tests/unit/test_denominator_model.py::TestDenominatorFilesExist::test_denominator_schema_exists PASSED [ 10%]
tests/unit/test_denominator_model.py::TestDenominatorFilesParseValidJson::test_denominator_parses_as_valid_json[cells] PASSED [ 10%]
tests/unit/test_denominator_model.py::TestDenominatorFilesParseValidJson::test_denominator_parses_as_valid_json[words] PASSED [ 10%]
tests/unit/test_denominator_model.py::TestDenominatorFilesParseValidJson::test_denominator_parses_as_valid_json[pdf] PASSED [ 10%]
tests/unit/test_denominator_model.py::TestDenominatorFilesParseValidJson::test_denominator_parses_as_valid_json[diagram] PASSED [ 10%]
tests/unit/test_denominator_model.py::TestDenominatorFilesParseValidJson::test_denominator_parses_as_valid_json[email] PASSED [ 10%]
tests/unit/test_denominator_model.py::TestDenominatorFilesParseValidJson::test_denominator_parses_as_valid_json[slides] PASSED [ 10%]
tests/unit/test_denominator_model.py::TestDenominatorFilesParseValidJson::test_schema_parses_as_valid_json PASSED [ 10%]
tests/unit/test_denominator_model.py::TestDenominatorSchemaValidation::test_denominator_schema_validates_for_family[cells] PASSED [ 10%]
tests/unit/test_denominator_model.py::TestDenominatorSchemaValidation::test_denominator_schema_validates_for_family[words] PASSED [ 10%]
tests/unit/test_denominator_model.py::TestDenominatorSchemaValidation::test_denominator_schema_validates_for_family[pdf] PASSED [ 10%]
tests/unit/test_denominator_model.py::TestDenominatorSchemaValidation::test_denominator_schema_validates_for_family[diagram] PASSED [ 10%]
tests/unit/test_denominator_model.py::TestDenominatorSchemaValidation::test_denominator_schema_validates_for_family[email] PASSED [ 10%]
tests/unit/test_denominator_model.py::TestDenominatorSchemaValidation::test_denominator_schema_validates_for_family[slides] PASSED [ 10%]
tests/unit/test_denominator_model.py::TestDenominatorSchemaValidation::test_denominator_has_required_fields[cells] PASSED [ 10%]
tests/unit/test_denominator_model.py::TestDenominatorSchemaValidation::test_denominator_has_required_fields[words] PASSED [ 10%]
tests/unit/test_denominator_model.py::TestDenominatorSchemaValidation::test_denominator_has_required_fields[pdf] PASSED [ 10%]
tests/unit/test_denominator_model.py::TestDenominatorSchemaValidation::test_denominator_has_required_fields[diagram] PASSED [ 10%]
tests/unit/test_denominator_model.py::TestDenominatorSchemaValidation::test_denominator_has_required_fields[email] PASSED [ 10%]
tests/unit/test_denominator_model.py::TestDenominatorSchemaValidation::test_denominator_has_required_fields[slides] PASSED [ 10%]
tests/unit/test_denominator_model.py::TestDenominatorSchemaValidation::test_denominator_family_field_matches_filename[cells] PASSED [ 10%]
tests/unit/test_denominator_model.py::TestDenominatorSchemaValidation::test_denominator_family_field_matches_filename[words] PASSED [ 10%]
tests/unit/test_denominator_model.py::TestDenominatorSchemaValidation::test_denominator_family_field_matches_filename[pdf] PASSED [ 10%]
tests/unit/test_denominator_model.py::TestDenominatorSchemaValidation::test_denominator_family_field_matches_filename[diagram] PASSED [ 10%]
tests/unit/test_denominator_model.py::TestDenominatorSchemaValidation::test_denominator_family_field_matches_filename[email] PASSED [ 10%]
tests/unit/test_denominator_model.py::TestDenominatorSchemaValidation::test_denominator_family_field_matches_filename[slides] PASSED [ 11%]
tests/unit/test_denominator_model.py::TestCellsDenominator::test_cells_total_types_is_22 PASSED [ 11%]
tests/unit/test_denominator_model.py::TestCellsDenominator::test_cells_workflow_root_types_is_9 PASSED [ 11%]
tests/unit/test_denominator_model.py::TestCellsDenominator::test_cells_published_count_is_9 PASSED [ 11%]
tests/unit/test_denominator_model.py::TestCellsDenominator::test_cells_excluded_count_is_13 PASSED [ 11%]
tests/unit/test_denominator_model.py::TestCellsDenominator::test_cells_runnable_scenarios_is_9 PASSED [ 11%]
tests/unit/test_denominator_model.py::TestCellsDenominator::test_cells_denominator_basis_is_full_sot PASSED [ 11%]
tests/unit/test_denominator_model.py::TestCellsDenominator::test_cells_allowed_pilot_types_is_null PASSED [ 11%]
tests/unit/test_denominator_model.py::TestCellsDenominator::test_cells_coverage_pct_of_runnable_is_100 PASSED [ 11%]
tests/unit/test_denominator_model.py::TestCellsDenominator::test_cells_api_catalog_sha256_present PASSED [ 11%]
tests/unit/test_denominator_model.py::TestCellsDenominator::test_cells_total_equals_runnable_plus_excluded PASSED [ 11%]
tests/unit/test_denominator_model.py::TestCellsDenominator::test_cells_runnable_scenario_ids_count_matches PASSED [ 11%]
tests/unit/test_denominator_model.py::TestWordsDenominator::test_words_total_types_is_25 PASSED [ 11%]
tests/unit/test_denominator_model.py::TestWordsDenominator::test_words_pilot_allowed_count_is_8 PASSED [ 11%]
tests/unit/test_denominator_model.py::TestWordsDenominator::test_words_allowed_pilot_types_present PASSED [ 11%]
tests/unit/test_denominator_model.py::TestWordsDenominator::test_words_published_count_is_8 PASSED [ 11%]
tests/unit/test_denominator_model.py::TestWordsDenominator::test_words_workflow_root_types_is_classified PASSED [ 11%]
tests/unit/test_denominator_model.py::TestWordsDenominator::test_words_excluded_count_is_17 PASSED [ 11%]
tests/unit/test_denominator_model.py::TestWordsDenominator::test_words_runnable_scenarios_is_8 PASSED [ 11%]
tests/unit/test_denominator_model.py::TestWordsDenominator::test_words_denominator_basis_is_pilot_allowed PASSED [ 11%]
tests/unit/test_denominator_model.py::TestWordsDenominator::test_words_coverage_pct_of_pilot_runnable_is_100 PASSED [ 11%]
tests/unit/test_denominator_model.py::TestWordsDenominator::test_words_does_not_claim_full_sot_basis PASSED [ 11%]
tests/unit/test_denominator_model.py::TestWordsDenominator::test_words_total_equals_pilot_plus_excluded PASSED [ 11%]
tests/unit/test_denominator_model.py::TestWordsDenominator::test_words_full_sot_classification_evidence_present PASSED [ 11%]
tests/unit/test_denominator_model.py::TestWordsDenominator::test_words_total_equals_runnable_plus_non_runnable PASSED [ 11%]
tests/unit/test_denominator_model.py::TestPdfDenominator::test_pdf_total_types_is_101 PASSED [ 11%]
tests/unit/test_denominator_model.py::TestPdfDenominator::test_pdf_workflow_root_types_is_22 PASSED [ 11%]
tests/unit/test_denominator_model.py::TestPdfDenominator::test_pdf_pilot_allowed_count_is_19 PASSED [ 11%]
tests/unit/test_denominator_model.py::TestPdfDenominator::test_pdf_allowed_pilot_types_present PASSED [ 11%]
tests/unit/test_denominator_model.py::TestPdfDenominator::test_pdf_published_count_is_19 PASSED [ 11%]
tests/unit/test_denominator_model.py::TestPdfDenominator::test_pdf_denominator_basis_is_pilot_allowed PASSED [ 11%]
tests/unit/test_denominator_model.py::TestPdfDenominator::test_pdf_workflow_root_separates_from_pilot PASSED [ 11%]
tests/unit/test_denominator_model.py::TestPdfDenominator::test_pdf_coverage_pct_detail_present PASSED [ 12%]
tests/unit/test_denominator_model.py::TestPdfDenominator::test_pdf_api_catalog_sha256_present PASSED [ 12%]
tests/unit/test_denominator_model.py::TestPdfDenominator::test_pdf_excluded_count_is_82 PASSED [ 12%]
tests/unit/test_denominator_model.py::TestPdfDenominator::test_pdf_runnable_scenarios_is_19 PASSED [ 12%]
tests/unit/test_denominator_model.py::TestDiagramDenominator::test_diagram_total_types_is_5 PASSED [ 12%]
tests/unit/test_denominator_model.py::TestDiagramDenominator::test_diagram_workflow_root_types_is_2 PASSED [ 12%]
tests/unit/test_denominator_model.py::TestDiagramDenominator::test_diagram_published_count_is_2 PASSED [ 12%]
tests/unit/test_denominator_model.py::TestDiagramDenominator::test_diagram_excluded_count_is_3 PASSED [ 12%]
tests/unit/test_denominator_model.py::TestDiagramDenominator::test_diagram_runnable_scenarios_is_2 PASSED [ 12%]
tests/unit/test_denominator_model.py::TestDiagramDenominator::test_diagram_denominator_basis_is_pilot_allowed PASSED [ 12%]
tests/unit/test_denominator_model.py::TestDiagramDenominator::test_diagram_coverage_pct_of_workflow_root_is_100 PASSED [ 12%]
tests/unit/test_denominator_model.py::TestDiagramDenominator::test_diagram_total_equals_runnable_plus_excluded PASSED [ 12%]
tests/unit/test_denominator_model.py::TestDiagramDenominator::test_diagram_runnable_scenario_ids_count_matches PASSED [ 12%]
tests/unit/test_denominator_model.py::TestEmailDenominator::test_email_total_types_is_3 PASSED [ 12%]
tests/unit/test_denominator_model.py::TestEmailDenominator::test_email_workflow_root_types_is_1 PASSED [ 12%]
tests/unit/test_denominator_model.py::TestEmailDenominator::test_email_published_count_is_1 PASSED [ 12%]
tests/unit/test_denominator_model.py::TestEmailDenominator::test_email_excluded_count_is_2 PASSED [ 12%]
tests/unit/test_denominator_model.py::TestEmailDenominator::test_email_runnable_scenarios_is_1 PASSED [ 12%]
tests/unit/test_denominator_model.py::TestEmailDenominator::test_email_denominator_basis_is_pilot_allowed PASSED [ 12%]
tests/unit/test_denominator_model.py::TestEmailDenominator::test_email_coverage_pct_of_workflow_root_is_100 PASSED [ 12%]
tests/unit/test_denominator_model.py::TestEmailDenominator::test_email_total_equals_runnable_plus_excluded PASSED [ 12%]
tests/unit/test_denominator_model.py::TestSlidesDenominator::test_slides_total_types_is_5 PASSED [ 12%]
tests/unit/test_denominator_model.py::TestSlidesDenominator::test_slides_workflow_root_types_is_3 PASSED [ 12%]
tests/unit/test_denominator_model.py::TestSlidesDenominator::test_slides_published_count_is_3 PASSED [ 12%]
tests/unit/test_denominator_model.py::TestSlidesDenominator::test_slides_excluded_count_is_2 PASSED [ 12%]
tests/unit/test_denominator_model.py::TestSlidesDenominator::test_slides_runnable_scenarios_is_3 PASSED [ 12%]
tests/unit/test_denominator_model.py::TestSlidesDenominator::test_slides_denominator_basis_is_pilot_allowed PASSED [ 12%]
tests/unit/test_denominator_model.py::TestSlidesDenominator::test_slides_coverage_pct_of_workflow_root_is_100 PASSED [ 12%]
tests/unit/test_denominator_model.py::TestSlidesDenominator::test_slides_allowed_pilot_types_present PASSED [ 12%]
tests/unit/test_denominator_model.py::TestSlidesDenominator::test_slides_total_equals_runnable_plus_excluded PASSED [ 12%]
tests/unit/test_denominator_model.py::TestSlidesDenominator::test_slides_runnable_scenario_ids_count_matches PASSED [ 12%]
tests/unit/test_denominator_model.py::TestDenominatorCrossFamily::test_published_count_does_not_exceed_runnable[cells] PASSED [ 12%]
tests/unit/test_denominator_model.py::TestDenominatorCrossFamily::test_published_count_does_not_exceed_runnable[words] PASSED [ 12%]
tests/unit/test_denominator_model.py::TestDenominatorCrossFamily::test_published_count_does_not_exceed_runnable[pdf] PASSED [ 13%]
tests/unit/test_denominator_model.py::TestDenominatorCrossFamily::test_published_count_does_not_exceed_runnable[diagram] PASSED [ 13%]
tests/unit/test_denominator_model.py::TestDenominatorCrossFamily::test_published_count_does_not_exceed_runnable[email] PASSED [ 13%]
tests/unit/test_denominator_model.py::TestDenominatorCrossFamily::test_published_count_does_not_exceed_runnable[slides] PASSED [ 13%]
tests/unit/test_denominator_model.py::TestDenominatorCrossFamily::test_evidence_sources_non_empty[cells] PASSED [ 13%]
tests/unit/test_denominator_model.py::TestDenominatorCrossFamily::test_evidence_sources_non_empty[words] PASSED [ 13%]
tests/unit/test_denominator_model.py::TestDenominatorCrossFamily::test_evidence_sources_non_empty[pdf] PASSED [ 13%]
tests/unit/test_denominator_model.py::TestDenominatorCrossFamily::test_evidence_sources_non_empty[diagram] PASSED [ 13%]
tests/unit/test_denominator_model.py::TestDenominatorCrossFamily::test_evidence_sources_non_empty[email] PASSED [ 13%]
tests/unit/test_denominator_model.py::TestDenominatorCrossFamily::test_evidence_sources_non_empty[slides] PASSED [ 13%]
tests/unit/test_denominator_model.py::TestDenominatorCrossFamily::test_api_catalog_sha256_is_64_hex_chars_or_null[cells] PASSED [ 13%]
tests/unit/test_denominator_model.py::TestDenominatorCrossFamily::test_api_catalog_sha256_is_64_hex_chars_or_null[words] PASSED [ 13%]
tests/unit/test_denominator_model.py::TestDenominatorCrossFamily::test_api_catalog_sha256_is_64_hex_chars_or_null[pdf] PASSED [ 13%]
tests/unit/test_denominator_model.py::TestDenominatorCrossFamily::test_api_catalog_sha256_is_64_hex_chars_or_null[diagram] SKIPPED [ 13%]
tests/unit/test_denominator_model.py::TestDenominatorCrossFamily::test_api_catalog_sha256_is_64_hex_chars_or_null[email] SKIPPED [ 13%]
tests/unit/test_denominator_model.py::TestDenominatorCrossFamily::test_api_catalog_sha256_is_64_hex_chars_or_null[slides] SKIPPED [ 13%]
tests/unit/test_denominator_model.py::TestDenominatorCrossFamily::test_denominator_basis_is_valid_value[cells] PASSED [ 13%]
tests/unit/test_denominator_model.py::TestDenominatorCrossFamily::test_denominator_basis_is_valid_value[words] PASSED [ 13%]
tests/unit/test_denominator_model.py::TestDenominatorCrossFamily::test_denominator_basis_is_valid_value[pdf] PASSED [ 13%]
tests/unit/test_denominator_model.py::TestDenominatorCrossFamily::test_denominator_basis_is_valid_value[diagram] PASSED [ 13%]
tests/unit/test_denominator_model.py::TestDenominatorCrossFamily::test_denominator_basis_is_valid_value[email] PASSED [ 13%]
tests/unit/test_denominator_model.py::TestDenominatorCrossFamily::test_denominator_basis_is_valid_value[slides] PASSED [ 13%]
tests/unit/test_denominator_model.py::TestDenominatorCrossFamily::test_total_published_across_families_is_42 PASSED [ 13%]
tests/unit/test_denominator_model.py::TestDenominatorCrossFamily::test_conservation_equation[cells] PASSED [ 13%]
tests/unit/test_denominator_model.py::TestDenominatorCrossFamily::test_conservation_equation[words] PASSED [ 13%]
tests/unit/test_denominator_model.py::TestDenominatorCrossFamily::test_conservation_equation[pdf] PASSED [ 13%]
tests/unit/test_denominator_model.py::TestDenominatorCrossFamily::test_conservation_equation[diagram] PASSED [ 13%]
tests/unit/test_denominator_model.py::TestDenominatorCrossFamily::test_conservation_equation[email] PASSED [ 13%]
tests/unit/test_denominator_model.py::TestDenominatorCrossFamily::test_conservation_equation[slides] PASSED [ 13%]
tests/unit/test_dependency_resolver.py::TestParseDependencies::test_parses_netstandard20_group PASSED [ 13%]
tests/unit/test_dependency_resolver.py::TestParseDependencies::test_parses_net60_group PASSED [ 13%]
tests/unit/test_dependency_resolver.py::TestParseDependencies::test_no_deps_returns_empty PASSED [ 13%]
tests/unit/test_dependency_resolver.py::TestParseDependencies::test_flat_deps_parsed PASSED [ 14%]
tests/unit/test_dependency_resolver.py::TestCleanVersion::test_plain_version PASSED [ 14%]
tests/unit/test_dependency_resolver.py::TestCleanVersion::test_bracket_range PASSED [ 14%]
tests/unit/test_dependency_resolver.py::TestCleanVersion::test_paren_range PASSED [ 14%]
tests/unit/test_dependency_resolver.py::TestFindNuspec::test_extracts_nuspec PASSED [ 14%]
tests/unit/test_dependency_resolver.py::TestFindNuspec::test_missing_nuspec_raises PASSED [ 14%]
tests/unit/test_dependency_resolver.py::TestResolveDependencies::test_dependency_manifest_written PASSED [ 14%]
tests/unit/test_dependency_resolver.py::TestResolveDependencies::test_max_depth_respected PASSED [ 14%]
tests/unit/test_dependency_resolver.py::TestResolveDependencies::test_max_depth_2_includes_transitive PASSED [ 14%]
tests/unit/test_dependency_resolver.py::TestUpdatePackageLock::test_creates_package_lock PASSED [ 14%]
tests/unit/test_dependency_resolver.py::TestUpdatePackageLock::test_updates_existing_package_lock PASSED [ 14%]
tests/unit/test_dependency_resolver.py::TestUpdatePackageLock::test_paths_use_workspace_manifests PASSED [ 14%]
tests/unit/test_dependency_resolver.py::TestCollectAllTfmDeps::test_collects_from_all_tfm_groups PASSED [ 14%]
tests/unit/test_dependency_resolver.py::TestCollectAllTfmDeps::test_deduplicates_packages PASSED [ 14%]
tests/unit/test_dependency_resolver.py::TestCollectAllTfmDeps::test_normal_parse_misses_net_only_deps PASSED [ 14%]
tests/unit/test_dependency_resolver.py::TestCollectAllTfmDeps::test_collect_all_finds_net_only_deps PASSED [ 14%]
tests/unit/test_dependency_resolver.py::TestCollectAllTfmDeps::test_no_deps_returns_empty PASSED [ 14%]
tests/unit/test_dependency_resolver.py::TestCollectAllTfmDeps::test_flat_deps_returned PASSED [ 14%]
tests/unit/test_dependency_resolver.py::TestResolveWithAllTfmGroups::test_include_all_tfm_groups_collects_extra_deps PASSED [ 14%]
tests/unit/test_dependency_resolver.py::TestResolveWithAllTfmGroups::test_default_does_not_collect_extra_tfm_deps PASSED [ 14%]
tests/unit/test_dependency_resolver.py::TestResolveWithAllTfmGroups::test_include_all_tfm_groups_transitive_uses_normal_resolution PASSED [ 14%]
tests/unit/test_destination_id_mapper.py::TestStandardFamilyPrefixStripping::test_cells_standard_prefix_stripping PASSED [ 14%]
tests/unit/test_destination_id_mapper.py::TestStandardFamilyPrefixStripping::test_email_standard_prefix_stripping PASSED [ 14%]
tests/unit/test_destination_id_mapper.py::TestStandardFamilyPrefixStripping::test_pdf_standard_prefix_stripping PASSED [ 14%]
tests/unit/test_destination_id_mapper.py::TestStandardFamilyPrefixStripping::test_slides_standard_prefix_stripping PASSED [ 14%]
tests/unit/test_destination_id_mapper.py::TestStandardFamilyPrefixStripping::test_words_standard_prefix_stripping PASSED [ 14%]
tests/unit/test_destination_id_mapper.py::TestDiagramFamilyNoPrefixAdded::test_diagram_dir_name_is_scenario_id PASSED [ 14%]
tests/unit/test_destination_id_mapper.py::TestDiagramFamilyNoPrefixAdded::test_diagram_no_double_prefix_for_diagram_converter PASSED [ 14%]
tests/unit/test_destination_id_mapper.py::TestDiagramFamilyNoPrefixAdded::test_diagram_no_double_prefix_for_pdf_converter PASSED [ 14%]
tests/unit/test_destination_id_mapper.py::TestPdfAConverterAlias::test_pdfa_alias_not_pdfa_converter PASSED [ 14%]
tests/unit/test_destination_id_mapper.py::TestPdfAConverterAlias::test_pdfa_converter_alias PASSED [ 14%]
tests/unit/test_destination_id_mapper.py::TestPdfAConverterAlias::test_pdfa_reverse_mapping PASSED [ 14%]
tests/unit/test_destination_id_mapper.py::TestResultCollectionOutputPolicy::test_image_extractor_result_collection_policy PASSED [ 15%]
tests/unit/test_destination_id_mapper.py::TestResultCollectionOutputPolicy::test_standard_converter_not_result_collection PASSED [ 15%]
tests/unit/test_destination_id_mapper.py::TestResultCollectionOutputPolicy::test_text_extractor_result_collection_policy PASSED [ 15%]
tests/unit/test_destination_id_mapper.py::TestDoubleFamilyPrefixDetection::test_double_family_prefix_detection_diagram PASSED [ 15%]
tests/unit/test_destination_id_mapper.py::TestDoubleFamilyPrefixDetection::test_double_family_prefix_not_triggered_for_standard PASSED [ 15%]
tests/unit/test_destination_id_mapper.py::TestDoubleFamilyPrefixDetection::test_double_prefix_not_triggered_for_cells PASSED [ 15%]
tests/unit/test_destination_id_mapper.py::TestRoundTripMappings::test_round_trip_all_standard_families 
tests/unit/test_destination_id_mapper.py::TestRoundTripMappings::test_round_trip_all_standard_families PASSED [ 15%]
tests/unit/test_destination_id_mapper.py::TestRoundTripMappings::test_round_trip_diagram_family 
tests/unit/test_destination_id_mapper.py::TestRoundTripMappings::test_round_trip_diagram_family PASSED [ 15%]
tests/unit/test_destination_id_mapper.py::TestRoundTripMappings::test_round_trip_pdfa_alias PASSED [ 15%]
tests/unit/test_destination_id_mapper.py::TestPresentNoAuthorityMustNotOccur::test_diagram_diagram_converter_maps_to_canonical PASSED [ 15%]
tests/unit/test_destination_id_mapper.py::TestPresentNoAuthorityMustNotOccur::test_diagram_pdf_converter_maps_to_canonical PASSED [ 15%]
tests/unit/test_destination_id_mapper.py::TestPresentNoAuthorityMustNotOccur::test_pdfa_converter_maps_to_canonical PASSED [ 15%]
tests/unit/test_destination_programcs_operation_semantics.py::TestContentAuditOperationSemantics::test_audit_has_42_records SKIPPED [ 15%]
tests/unit/test_destination_programcs_operation_semantics.py::TestContentAuditOperationSemantics::test_all_records_have_scenario_id SKIPPED [ 15%]
tests/unit/test_destination_programcs_operation_semantics.py::TestContentAuditOperationSemantics::test_all_records_have_operation_kind SKIPPED [ 15%]
tests/unit/test_destination_programcs_operation_semantics.py::TestContentAuditOperationSemantics::test_all_operation_kinds_are_valid SKIPPED [ 15%]
tests/unit/test_destination_programcs_operation_semantics.py::TestContentAuditOperationSemantics::test_expected_operation_kinds_match SKIPPED [ 15%]
tests/unit/test_destination_programcs_operation_semantics.py::TestContentAuditOperationSemantics::test_pdf_records_have_26_5_version SKIPPED [ 15%]
tests/unit/test_destination_programcs_operation_semantics.py::TestContentAuditOperationSemantics::test_no_sprint64_paths_in_handoff_path SKIPPED [ 15%]
tests/unit/test_destination_programcs_operation_semantics.py::TestContentAuditOperationSemantics::test_no_sprint64_paths_in_local_package_path SKIPPED [ 15%]
tests/unit/test_destination_programcs_operation_semantics.py::TestContentAuditOperationSemantics::test_merger_records_have_merger_operation_kind SKIPPED [ 15%]
tests/unit/test_destination_programcs_operation_semantics.py::TestContentAuditOperationSemantics::test_splitter_records_have_splitter_operation_kind SKIPPED [ 15%]
tests/unit/test_destination_programcs_operation_semantics.py::TestContentAuditOperationSemantics::test_output_kind_not_blank_for_all_records SKIPPED [ 15%]
tests/unit/test_discovery_readiness_preservation.py::TestDiscoveryReadinessPreservation::test_single_family_discovery_preserves_existing_readiness_entries PASSED [ 15%]
tests/unit/test_discovery_readiness_preservation.py::TestDiscoveryReadinessPreservation::test_single_family_discovery_marks_partial_scope PASSED [ 15%]
tests/unit/test_discovery_readiness_preservation.py::TestDiscoveryReadinessPreservation::test_multi_family_discovery_marks_complete_scope PASSED [ 15%]
tests/unit/test_discovery_readiness_preservation.py::TestDiscoveryReadinessPreservation::test_single_family_run_updates_targeted_family PASSED [ 15%]
tests/unit/test_discovery_readiness_preservation.py::TestDiscoveryReadinessPreservation::test_no_manual_repopulation_needed_after_single_family_discovery PASSED [ 15%]
tests/unit/test_discovery_readiness_preservation.py::TestDiscoveryReadinessPreservation::test_empty_existing_file_case PASSED [ 15%]
tests/unit/test_discovery_readiness_preservation.py::TestFamilyScopedEvidencePromotion::test_family_scoped_latest_path_written PASSED [ 15%]
tests/unit/test_discovery_readiness_preservation.py::TestFamilyScopedEvidencePromotion::test_single_family_cells_promotion_does_not_overwrite_words_latest PASSED [ 15%]
tests/unit/test_discovery_readiness_preservation.py::TestFamilyScopedEvidencePromotion::test_single_family_words_promotion_does_not_overwrite_cells_latest PASSED [ 15%]
tests/unit/test_discovery_readiness_preservation.py::TestFamilyScopedEvidencePromotion::test_global_latest_files_preserved PASSED [ 15%]
tests/unit/test_discovery_readiness_preservation.py::TestFamilyScopedEvidencePromotion::test_family_scoped_metadata_written PASSED [ 16%]
tests/unit/test_discovery_readiness_preservation.py::TestFamilyScopedEvidencePromotion::test_legacy_latest_alias_marked_deprecated_if_written PASSED [ 16%]
tests/unit/test_discovery_readiness_preservation.py::TestFamilyScopedEvidencePromotion::test_resolve_family_evidence_path_prefers_family_scoped PASSED [ 16%]
tests/unit/test_discovery_readiness_preservation.py::TestFamilyScopedEvidencePromotion::test_cross_family_contamination_detected PASSED [ 16%]
tests/unit/test_discovery_readiness_preservation.py::TestFamilyScopedEvidencePromotion::test_no_contamination_when_same_family PASSED [ 16%]
tests/unit/test_discovery_readiness_preservation.py::TestFamilyScopedEvidencePromotion::test_subdirectory_files_promoted_to_family_scoped_path PASSED [ 16%]
tests/unit/test_discovery_readiness_preservation.py::TestFamilyScopedEvidencePromotion::test_subdirectory_promotion_does_not_duplicate_top_level_files PASSED [ 16%]
tests/unit/test_discovery_readiness_preservation.py::TestFamilyScopedEvidencePromotion::test_wave2_completeness_gate_not_stale_after_promotion PASSED [ 16%]
tests/unit/test_discovery_readiness_preservation.py::TestFamilyScopedEvidencePromotion::test_family_scoped_evidence_files_constant_is_complete PASSED [ 16%]
tests/unit/test_durable_fixes.py::TestDiagramDeterministicTemplate::test_diagram_converter_uses_draw_ellipse PASSED [ 16%]
tests/unit/test_durable_fixes.py::TestDiagramDeterministicTemplate::test_diagram_converter_no_typeval_shape PASSED [ 16%]
tests/unit/test_durable_fixes.py::TestDiagramDeterministicTemplate::test_diagram_converter_uses_process PASSED [ 16%]
tests/unit/test_durable_fixes.py::TestDiagramDeterministicTemplate::test_diagram_converter_output_is_vdx PASSED [ 16%]
tests/unit/test_durable_fixes.py::TestDiagramDeterministicTemplate::test_pdf_converter_uses_draw_ellipse PASSED [ 16%]
tests/unit/test_durable_fixes.py::TestDiagramDeterministicTemplate::test_pdf_converter_no_typeval_shape PASSED [ 16%]
tests/unit/test_durable_fixes.py::TestDiagramDeterministicTemplate::test_pdf_converter_uses_process PASSED [ 16%]
tests/unit/test_durable_fixes.py::TestDiagramDeterministicTemplate::test_pdf_converter_output_is_pdf PASSED [ 16%]
tests/unit/test_durable_fixes.py::TestDiagramDeterministicTemplate::test_xform_uses_value_property PASSED [ 16%]
tests/unit/test_durable_fixes.py::TestCellsDeterministicTemplate::test_spreadsheet_merger_uses_file_copy PASSED [ 16%]
tests/unit/test_durable_fixes.py::TestCellsDeterministicTemplate::test_spreadsheet_merger_calls_process PASSED [ 16%]
tests/unit/test_durable_fixes.py::TestCellsDeterministicTemplate::test_spreadsheet_merger_uses_array_inputs PASSED [ 16%]
tests/unit/test_durable_fixes.py::TestWordsDeterministicTemplate::test_merger_uses_file_copy PASSED [ 16%]
tests/unit/test_durable_fixes.py::TestWordsDeterministicTemplate::test_merger_calls_merge PASSED [ 16%]
tests/unit/test_durable_fixes.py::TestWordsDeterministicTemplate::test_merger_no_merger_create PASSED [ 16%]
tests/unit/test_durable_fixes.py::TestWordsDeterministicTemplate::test_watermarker_uses_bmp_bytes PASSED [ 16%]
tests/unit/test_durable_fixes.py::TestWordsDeterministicTemplate::test_watermarker_calls_set_text PASSED [ 16%]
tests/unit/test_durable_fixes.py::TestWordsDeterministicTemplate::test_watermarker_calls_set_image PASSED [ 16%]
tests/unit/test_durable_fixes.py::TestWordsDeterministicTemplate::test_watermarker_no_sample_path PASSED [ 16%]
tests/unit/test_durable_fixes.py::TestTemplateFirstConfig::test_diagram_yml_has_template_first_for_diagramconverter PASSED [ 16%]
tests/unit/test_durable_fixes.py::TestTemplateFirstConfig::test_diagram_yml_has_template_first_for_pdfconverter PASSED [ 16%]
tests/unit/test_durable_fixes.py::TestTemplateFirstConfig::test_cells_yml_has_template_first_for_spreadsheetmerger PASSED [ 16%]
tests/unit/test_durable_fixes.py::TestTemplateFirstConfig::test_words_yml_has_template_first_for_merger PASSED [ 16%]
tests/unit/test_durable_fixes.py::TestTemplateFirstConfig::test_words_yml_has_template_first_for_watermarker PASSED [ 17%]
tests/unit/test_durable_fixes.py::TestTemplateFirstConfig::test_pdf_yml_has_template_first_for_tablegenerator PASSED [ 17%]
tests/unit/test_durable_fixes.py::TestTemplateFirstConfig::test_slides_yml_has_template_first_for_convert PASSED [ 17%]
tests/unit/test_durable_fixes.py::TestPdfTableGeneratorFix::test_uses_new_table_options PASSED [ 17%]
tests/unit/test_durable_fixes.py::TestPdfTableGeneratorFix::test_no_table_options_create_fluent_chain PASSED [ 17%]
tests/unit/test_durable_fixes.py::TestPdfTableGeneratorFix::test_calls_add_input PASSED [ 17%]
tests/unit/test_durable_fixes.py::TestPdfTableGeneratorFix::test_calls_add_output PASSED [ 17%]
tests/unit/test_durable_fixes.py::TestPdfTableGeneratorFix::test_calls_table_generator_process PASSED [ 17%]
tests/unit/test_durable_fixes.py::TestSlidesConvertFix::test_uses_fully_qualified_convert PASSED [ 17%]
tests/unit/test_durable_fixes.py::TestSlidesConvertFix::test_no_bare_convert_call PASSED [ 17%]
tests/unit/test_durable_fixes.py::TestSlidesConvertFix::test_creates_input_pptx PASSED [ 17%]
tests/unit/test_durable_fixes.py::TestSlidesConvertFix::test_uses_save_format_pptx PASSED [ 17%]
tests/unit/test_evidence_completeness.py::TestEvidenceCompletenessGate::test_complete_when_all_files_present PASSED [ 17%]
tests/unit/test_evidence_completeness.py::TestEvidenceCompletenessGate::test_incomplete_when_file_missing PASSED [ 17%]
tests/unit/test_evidence_completeness.py::TestEvidenceCompletenessGate::test_error_when_latest_dir_missing PASSED [ 17%]
tests/unit/test_evidence_completeness.py::TestEvidenceCompletenessGate::test_result_family_field_matches_input PASSED [ 17%]
tests/unit/test_evidence_completeness.py::TestEvidenceCompletenessGate::test_result_run_id_field_matches_input PASSED [ 17%]
tests/unit/test_evidence_completeness.py::TestEvidenceCompletenessGate::test_completeness_pct_partial PASSED [ 17%]
tests/unit/test_evidence_completeness.py::TestEvidenceCompletenessGate::test_blocking_mode_raises_on_always_expected_missing PASSED [ 17%]
tests/unit/test_evidence_completeness.py::TestEvidenceCompletenessGate::test_warning_mode_does_not_raise_on_missing PASSED [ 17%]
tests/unit/test_evidence_completeness.py::TestEvidenceCompletenessGate::test_to_dict_has_required_keys PASSED [ 17%]
tests/unit/test_evidence_completeness.py::TestWriteCompletenessReport::test_writes_valid_json PASSED [ 17%]
tests/unit/test_evidence_completeness.py::TestWriteCompletenessReport::test_creates_output_dir_if_missing PASSED [ 17%]
tests/unit/test_evidence_completeness.py::TestWriteCompletenessReport::test_filename_is_standard PASSED [ 17%]
tests/unit/test_evidence_completeness.py::TestEvidenceLayoutConsistency::test_global_aggregate_allowlist_is_frozenset PASSED [ 17%]
tests/unit/test_evidence_completeness.py::TestEvidenceLayoutConsistency::test_global_aggregate_allowlist_non_empty PASSED [ 17%]
tests/unit/test_evidence_completeness.py::TestEvidenceLayoutConsistency::test_family_scoped_files_do_not_overlap_with_allowlist PASSED [ 17%]
tests/unit/test_evidence_completeness.py::TestEvidenceLayoutConsistency::test_expected_evidence_files_matches_family_scoped PASSED [ 17%]
tests/unit/test_evidence_completeness.py::TestEvidenceLayoutConsistency::test_always_expected_is_subset_of_expected PASSED [ 17%]
tests/unit/test_evidence_contract.py::TestThinBundleFailsSprint27::test_sprint27_17_file_bundle_fails PASSED [ 17%]
tests/unit/test_evidence_contract.py::TestMissingRequiredArtifacts::test_missing_git_status_final_fails PASSED [ 17%]
tests/unit/test_evidence_contract.py::TestMissingRequiredArtifacts::test_missing_git_diff_final_fails PASSED [ 17%]
tests/unit/test_evidence_contract.py::TestMissingRequiredArtifacts::test_missing_final_verdict_fails PASSED [ 17%]
tests/unit/test_evidence_contract.py::TestMissingRequiredArtifacts::test_missing_final_state_summary_fails PASSED [ 18%]
tests/unit/test_evidence_contract.py::TestMissingRequiredArtifacts::test_missing_pr3_audit_fails PASSED [ 18%]
tests/unit/test_evidence_contract.py::TestMissingRequiredArtifacts::test_missing_pr5_audit_fails PASSED [ 18%]
tests/unit/test_evidence_contract.py::TestMissingRequiredArtifacts::test_missing_pr6_audit_fails PASSED [ 18%]
tests/unit/test_evidence_contract.py::TestMissingRequiredArtifacts::test_missing_pr7_audit_fails PASSED [ 18%]
tests/unit/test_evidence_contract.py::TestMissingRequiredArtifacts::test_missing_pr8_audit_fails PASSED [ 18%]
tests/unit/test_evidence_contract.py::TestMissingRequiredArtifacts::test_missing_pr9_audit_fails PASSED [ 18%]
tests/unit/test_evidence_contract.py::TestMissingRequiredArtifacts::test_missing_raw_test_log_fails PASSED [ 18%]
tests/unit/test_evidence_contract.py::TestMissingRequiredArtifacts::test_missing_all_family_scoreboard_fails PASSED [ 18%]
tests/unit/test_evidence_contract.py::TestMissingRequiredArtifacts::test_missing_taskcard_reconciliation_fails PASSED [ 18%]
tests/unit/test_evidence_contract.py::TestMissingRequiredArtifacts::test_missing_git_status_initial_fails PASSED [ 18%]
tests/unit/test_evidence_contract.py::TestMissingRequiredArtifacts::test_missing_bundle_contract_definition_fails PASSED [ 18%]
tests/unit/test_evidence_contract.py::TestCompleteBundlePasses::test_complete_bundle_passes PASSED [ 18%]
tests/unit/test_evidence_contract.py::TestCompleteBundlePasses::test_complete_bundle_with_publication_result_passes PASSED [ 18%]
tests/unit/test_evidence_contract.py::TestCompleteBundlePasses::test_test_full_not_run_md_satisfies_test_log_category PASSED [ 18%]
tests/unit/test_evidence_contract.py::TestCompleteBundlePasses::test_post_publication_verification_satisfies_post_pub_category PASSED [ 18%]
tests/unit/test_evidence_contract.py::TestSecretScanning::test_raw_github_classic_pat_causes_failure PASSED [ 18%]
tests/unit/test_evidence_contract.py::TestSecretScanning::test_clean_content_no_secret_violations PASSED [ 18%]
tests/unit/test_evidence_contract.py::TestEdgeCases::test_nonexistent_zip_fails PASSED [ 18%]
tests/unit/test_evidence_contract.py::TestEdgeCases::test_bad_zip_fails PASSED [ 18%]
tests/unit/test_evidence_contract.py::TestEdgeCases::test_contract_definition_has_all_categories PASSED [ 18%]
tests/unit/test_evidence_contract.py::TestEdgeCases::test_required_categories_count PASSED [ 18%]
tests/unit/test_evidence_contract.py::TestStrictEvidenceContractV2Rejects::test_v2_rejects_bundle_missing_sprint28_commit_in_log PASSED [ 18%]
tests/unit/test_evidence_contract.py::TestStrictEvidenceContractV2Rejects::test_v2_rejects_staged_source_files_in_final_status PASSED [ 18%]
tests/unit/test_evidence_contract.py::TestStrictEvidenceContractV2Rejects::test_v2_rejects_staged_test_files_in_final_status PASSED [ 18%]
tests/unit/test_evidence_contract.py::TestStrictEvidenceContractV2Rejects::test_v2_rejects_in_progress_verdict PASSED [ 18%]
tests/unit/test_evidence_contract.py::TestStrictEvidenceContractV2Rejects::test_v2_rejects_unknown_verdict PASSED [ 18%]
tests/unit/test_evidence_contract.py::TestStrictEvidenceContractV2Rejects::test_v2_rejects_failed_tests_in_summary PASSED [ 18%]
tests/unit/test_evidence_contract.py::TestStrictEvidenceContractV2Rejects::test_v2_rejects_zero_passed_tests PASSED [ 18%]
tests/unit/test_evidence_contract.py::TestStrictEvidenceContractV2Rejects::test_v2_rejects_bundle_contract_report_with_false_passed PASSED [ 18%]
tests/unit/test_evidence_contract.py::TestStrictEvidenceContractV2Rejects::test_v2_rejects_missing_pr3_version_policy PASSED [ 18%]
tests/unit/test_evidence_contract.py::TestStrictEvidenceContractV2Rejects::test_v2_rejects_missing_sprint28_commit_proof PASSED [ 18%]
tests/unit/test_evidence_contract.py::TestStrictEvidenceContractV2Rejects::test_v2_requires_more_categories_than_v1 PASSED [ 19%]
tests/unit/test_evidence_contract.py::TestStrictEvidenceContractV2Rejects::test_v2_min_categories_matches_combined PASSED [ 19%]
tests/unit/test_evidence_contract.py::TestStrictEvidenceContractV2Rejects::test_v2_rejects_relative_zip_path PASSED [ 19%]
tests/unit/test_evidence_contract.py::TestStrictEvidenceContractV2Rejects::test_v2_rejects_sprint28_style_bundle_missing_new_categories PASSED [ 19%]
tests/unit/test_evidence_contract.py::TestStrictEvidenceContractV2Accepts::test_v2_accepts_complete_approval_blocked_bundle PASSED [ 19%]
tests/unit/test_evidence_contract.py::TestStrictEvidenceContractV2Accepts::test_v2_accepts_published_verdict PASSED [ 19%]
tests/unit/test_evidence_contract.py::TestStrictEvidenceContractV2Accepts::test_v2_contract_definition_version PASSED [ 19%]
tests/unit/test_evidence_contract.py::TestStrictEvidenceContractV2Accepts::test_v2_contract_definition_has_all_combined_categories PASSED [ 19%]
tests/unit/test_evidence_contract.py::TestStrictEvidenceContractV2Accepts::test_v2_contract_definition_lists_allowed_verdicts PASSED [ 19%]
tests/unit/test_evidence_contract.py::TestStrictEvidenceContractV2Accepts::test_v2_accepts_clean_git_status_with_only_untracked_and_binary PASSED [ 19%]
tests/unit/test_evidence_contract.py::TestStrictEvidenceContractV3Rejects::test_v3_rejects_missing_sprint29_commit_proof PASSED [ 19%]
tests/unit/test_evidence_contract.py::TestStrictEvidenceContractV3Rejects::test_v3_rejects_missing_sprint29_reconciliation PASSED [ 19%]
tests/unit/test_evidence_contract.py::TestStrictEvidenceContractV3Rejects::test_v3_rejects_missing_bin_obj_cleanup_audit PASSED [ 19%]
tests/unit/test_evidence_contract.py::TestStrictEvidenceContractV3Rejects::test_v3_rejects_missing_sprint30_taskcard_state PASSED [ 19%]
tests/unit/test_evidence_contract.py::TestStrictEvidenceContractV3Rejects::test_v3_rejects_git_log_without_sprint29_commit PASSED [ 19%]
tests/unit/test_evidence_contract.py::TestStrictEvidenceContractV3Rejects::test_v3_rejects_package_audit_with_blocking_flags PASSED [ 19%]
tests/unit/test_evidence_contract.py::TestStrictEvidenceContractV3Rejects::test_v3_rejects_dirty_source_state_classification PASSED [ 19%]
tests/unit/test_evidence_contract.py::TestStrictEvidenceContractV3Rejects::test_v3_rejects_sprint29_verdict_in_final_verdict PASSED [ 19%]
tests/unit/test_evidence_contract.py::TestStrictEvidenceContractV3Rejects::test_v3_rejects_in_progress_verdict PASSED [ 19%]
tests/unit/test_evidence_contract.py::TestStrictEvidenceContractV3Rejects::test_v3_rejects_sprint29_style_bundle PASSED [ 19%]
tests/unit/test_evidence_contract.py::TestStrictEvidenceContractV3Rejects::test_v3_requires_more_categories_than_v2 PASSED [ 19%]
tests/unit/test_evidence_contract.py::TestStrictEvidenceContractV3Rejects::test_v3_min_categories_matches_combined PASSED [ 19%]
tests/unit/test_evidence_contract.py::TestStrictEvidenceContractV3Rejects::test_v3_has_exactly_45_categories PASSED [ 19%]
tests/unit/test_evidence_contract.py::TestStrictEvidenceContractV3Rejects::test_v3_rejects_relative_zip_path PASSED [ 19%]
tests/unit/test_evidence_contract.py::TestStrictEvidenceContractV3Accepts::test_v3_accepts_complete_approval_blocked_bundle PASSED [ 19%]
tests/unit/test_evidence_contract.py::TestStrictEvidenceContractV3Accepts::test_v3_accepts_published_verdict PASSED [ 19%]
tests/unit/test_evidence_contract.py::TestStrictEvidenceContractV3Accepts::test_v3_contract_definition_version PASSED [ 19%]
tests/unit/test_evidence_contract.py::TestStrictEvidenceContractV3Accepts::test_v3_contract_definition_has_all_combined_categories PASSED [ 19%]
tests/unit/test_evidence_contract.py::TestStrictEvidenceContractV3Accepts::test_v3_contract_definition_lists_allowed_verdicts PASSED [ 19%]
tests/unit/test_evidence_contract.py::TestStrictEvidenceContractV3Accepts::test_v3_contract_definition_documents_category_reconciliation PASSED [ 19%]
tests/unit/test_evidence_contract.py::TestStrictEvidenceContractV4Rejects::test_v4_rejects_missing_sprint30_commit_proof PASSED [ 19%]
tests/unit/test_evidence_contract.py::TestStrictEvidenceContractV4Rejects::test_v4_rejects_missing_security_inventory PASSED [ 19%]
tests/unit/test_evidence_contract.py::TestStrictEvidenceContractV4Rejects::test_v4_rejects_missing_pr_package_count_reconciliation PASSED [ 20%]
tests/unit/test_evidence_contract.py::TestStrictEvidenceContractV4Rejects::test_v4_rejects_pr_count_not_14 PASSED [ 20%]
tests/unit/test_evidence_contract.py::TestStrictEvidenceContractV4Rejects::test_v4_rejects_git_log_without_sprint30_commit PASSED [ 20%]
tests/unit/test_evidence_contract.py::TestStrictEvidenceContractV4Rejects::test_v4_rejects_sprint30_verdict_in_final_verdict PASSED [ 20%]
tests/unit/test_evidence_contract.py::TestStrictEvidenceContractV4Rejects::test_v4_rejects_staged_pr_package_deletion PASSED [ 20%]
tests/unit/test_evidence_contract.py::TestStrictEvidenceContractV4Rejects::test_v4_rejects_dirty_sprint31_source_state PASSED [ 20%]
tests/unit/test_evidence_contract.py::TestStrictEvidenceContractV4Rejects::test_v4_rejects_sprint30_style_bundle PASSED [ 20%]
tests/unit/test_evidence_contract.py::TestStrictEvidenceContractV4Rejects::test_v4_requires_more_categories_than_v3 PASSED [ 20%]
[...]
tests/unit/test_sprint34_new_modules.py::TestBatchPublisher::test_get_packages_for_pdf PASSED [ 94%]
tests/unit/test_sprint34_new_modules.py::TestBatchPublisher::test_get_packages_unknown_family PASSED [ 94%]
tests/unit/test_sprint34_new_modules.py::TestBatchPublisher::test_batch_result_verdict_all_passed PASSED [ 94%]
tests/unit/test_sprint34_new_modules.py::TestBatchPublisher::test_batch_result_verdict_approval_blocked PASSED [ 94%]
tests/unit/test_sprint34_new_modules.py::TestBatchPublisher::test_write_batch_report PASSED [ 94%]
tests/unit/test_sync_taskcard_docs.py::TestSyncTaskcardDocs::test_taskcard_markdown_generated_from_json PASSED [ 95%]
tests/unit/test_sync_taskcard_docs.py::TestSyncTaskcardDocs::test_taskcard_markdown_counts_match_json PASSED [ 95%]
tests/unit/test_sync_taskcard_docs.py::TestSyncTaskcardDocs::test_taskcard_markdown_includes_all_open_taskcards PASSED [ 95%]
tests/unit/test_sync_taskcard_docs.py::TestSyncTaskcardDocs::test_taskcard_markdown_closed_taskcards_not_in_open_section PASSED [ 95%]
tests/unit/test_sync_taskcard_docs.py::TestSyncTaskcardDocs::test_cli_exits_0_with_promote_latest_flag PASSED [ 95%]
tests/unit/test_sync_taskcard_docs.py::TestSyncTaskcardDocs::test_cli_stdout_mentions_counts PASSED [ 95%]
tests/unit/test_sync_taskcard_docs.py::TestSyncTaskcardDocs::test_cli_stdout_mentions_output_path PASSED [ 95%]
tests/unit/test_target_repo_health.py::TestTargetReposConfiguration::test_all_six_lowcode_families_defined PASSED [ 95%]
tests/unit/test_target_repo_health.py::TestTargetReposConfiguration::test_cells_expected_count PASSED [ 95%]
tests/unit/test_target_repo_health.py::TestTargetReposConfiguration::test_words_expected_count PASSED [ 95%]
tests/unit/test_target_repo_health.py::TestTargetReposConfiguration::test_pdf_expected_count PASSED [ 95%]
tests/unit/test_target_repo_health.py::TestTargetReposConfiguration::test_pdf_has_pending_count PASSED [ 95%]
tests/unit/test_target_repo_health.py::TestTargetReposConfiguration::test_diagram_expected_count PASSED [ 95%]
tests/unit/test_target_repo_health.py::TestTargetReposConfiguration::test_email_expected_count PASSED [ 95%]
tests/unit/test_target_repo_health.py::TestTargetReposConfiguration::test_slides_expected_count PASSED [ 95%]
tests/unit/test_target_repo_health.py::TestTargetReposConfiguration::test_all_have_main_branch PASSED [ 95%]
tests/unit/test_target_repo_health.py::TestTargetReposConfiguration::test_pdf_status_partial_canary PASSED [ 95%]
tests/unit/test_target_repo_health.py::TestTargetReposConfiguration::test_cells_status_family_complete PASSED [ 95%]
tests/unit/test_target_repo_health.py::TestRunTargetRepoHealthCheck::test_evidence_based_fallback_when_gh_unavailable PASSED [ 95%]
tests/unit/test_target_repo_health.py::TestRunTargetRepoHealthCheck::test_no_evidence_marks_inaccessible PASSED [ 95%]
tests/unit/test_target_repo_health.py::TestRunTargetRepoHealthCheck::test_gh_cli_success_marks_healthy PASSED [ 95%]
tests/unit/test_target_repo_health.py::TestRunTargetRepoHealthCheck::test_unknown_family_skipped PASSED [ 95%]
tests/unit/test_target_repo_health.py::TestRunTargetRepoHealthCheck::test_all_families_checked_by_default PASSED [ 95%]
tests/unit/test_target_repo_health.py::TestRunTargetRepoHealthCheck::test_to_dict_structure PASSED [ 95%]
tests/unit/test_target_repo_health.py::TestRunTargetRepoHealthCheck::test_overall_verdict_all_verified_when_healthy PASSED [ 95%]
tests/unit/test_target_repo_health.py::TestRunTargetRepoHealthCheck::test_partial_verification_when_some_evidence PASSED [ 95%]
tests/unit/test_target_repo_health.py::TestRunTargetRepoHealthCheck::test_pdf_expected_examples_is_5_not_19 PASSED [ 95%]
tests/unit/test_token_policy.py::TestPipelineUsesOnlyGithubTokenEnv::test_repo_access_resolver_reads_github_token_not_gh_token PASSED [ 95%]
tests/unit/test_token_policy.py::TestPipelineUsesOnlyGithubTokenEnv::test_repo_access_resolver_reads_github_token_when_set PASSED [ 95%]
tests/unit/test_token_policy.py::TestPipelineUsesOnlyGithubTokenEnv::test_publisher_reads_github_token_from_main PASSED [ 95%]
tests/unit/test_token_policy.py::TestPipelineUsesOnlyGithubTokenEnv::test_publisher_py_does_not_reference_gh_token PASSED [ 95%]
tests/unit/test_token_policy.py::TestPipelineUsesOnlyGithubTokenEnv::test_github_pr_publisher_does_not_reference_gh_token PASSED [ 95%]
tests/unit/test_token_policy.py::TestRunbookDoesNotRequireGhToken::test_runbook_documents_github_token_as_pipeline_variable PASSED [ 95%]
tests/unit/test_token_policy.py::TestRunbookDoesNotRequireGhToken::test_runbook_references_github_token PASSED [ 96%]
tests/unit/test_token_policy.py::TestRunbookDoesNotRequireGhToken::test_runbook_mentions_token_type_requirement PASSED [ 96%]
tests/unit/test_token_policy.py::TestTokenValueNotWrittenToEvidence::test_probe_report_does_not_store_token_value PASSED [ 96%]
tests/unit/test_token_policy.py::TestTokenValueNotWrittenToEvidence::test_publishing_report_does_not_store_token_value PASSED [ 96%]
tests/unit/test_token_policy.py::TestLivePublishBlocksWhenGithubTokenAbsent::test_live_publish_falls_back_to_dry_run_when_token_absent PASSED [ 96%]
tests/unit/test_token_policy.py::TestTokenCapabilityPreflightReportsRepoScopeFailure::test_preflight_reports_token_missing_when_no_github_token PASSED [ 96%]
tests/unit/test_token_policy.py::TestTokenCapabilityPreflightReportsRepoScopeFailure::test_preflight_reports_not_found_on_404 PASSED [ 96%]
tests/unit/test_token_policy.py::TestTokenCapabilityPreflightReportsRepoScopeFailure::test_preflight_reports_no_push_permission_when_push_false PASSED [ 96%]
tests/unit/test_token_policy.py::TestTokenCapabilityPreflightReportsRepoScopeFailure::test_probe_reports_token_present_true_without_exposing_value PASSED [ 96%]
tests/unit/test_token_readiness_hardening.py::TestClassifyTokenType::test_classic_pat_ghp_prefix_accepted PASSED [ 96%]
tests/unit/test_token_readiness_hardening.py::TestClassifyTokenType::test_classic_pat_ghp_prefix_short PASSED [ 96%]
tests/unit/test_token_readiness_hardening.py::TestClassifyTokenType::test_fine_grained_pat_rejected PASSED [ 96%]
tests/unit/test_token_readiness_hardening.py::TestClassifyTokenType::test_fine_grained_pat_longer_token PASSED [ 96%]
tests/unit/test_token_readiness_hardening.py::TestClassifyTokenType::test_missing_empty_string PASSED [ 96%]
tests/unit/test_token_readiness_hardening.py::TestClassifyTokenType::test_missing_none_treated_as_empty PASSED [ 96%]
tests/unit/test_token_readiness_hardening.py::TestClassifyTokenType::test_unknown_prefix_github_actions PASSED [ 96%]
tests/unit/test_token_readiness_hardening.py::TestClassifyTokenType::test_unknown_prefix_random PASSED [ 96%]
tests/unit/test_token_readiness_hardening.py::TestClassifyTokenType::test_unknown_prefix_gha PASSED [ 96%]
tests/unit/test_token_readiness_hardening.py::TestClassifyTokenType::test_classic_pat_constant_value PASSED [ 96%]
tests/unit/test_token_readiness_hardening.py::TestClassifyTokenType::test_fine_grained_constant_value PASSED [ 96%]
tests/unit/test_token_readiness_hardening.py::TestClassifyTokenType::test_missing_constant_value PASSED [ 96%]
tests/unit/test_token_readiness_hardening.py::TestClassifyTokenType::test_unknown_constant_value PASSED [ 96%]
tests/unit/test_token_readiness_hardening.py::TestCheckClassicToken::test_classic_pat_returns_true_empty_reason PASSED [ 96%]
tests/unit/test_token_readiness_hardening.py::TestCheckClassicToken::test_fine_grained_returns_false_with_error_message PASSED [ 96%]
tests/unit/test_token_readiness_hardening.py::TestCheckClassicToken::test_fine_grained_error_message_mentions_classic_pat PASSED [ 96%]
tests/unit/test_token_readiness_hardening.py::TestCheckClassicToken::test_fine_grained_error_message_mentions_repo_scope PASSED [ 96%]
tests/unit/test_token_readiness_hardening.py::TestCheckClassicToken::test_fine_grained_error_message_not_accepted PASSED [ 96%]
tests/unit/test_token_readiness_hardening.py::TestCheckClassicToken::test_fine_grained_error_message_contains_remediation PASSED [ 96%]
tests/unit/test_token_readiness_hardening.py::TestCheckClassicToken::test_missing_token_returns_false_token_missing_reason PASSED [ 96%]
tests/unit/test_token_readiness_hardening.py::TestCheckClassicToken::test_unknown_token_prefix_returns_false PASSED [ 96%]
tests/unit/test_token_readiness_hardening.py::TestCheckClassicToken::test_check_classic_uses_fine_grained_token_error_message PASSED [ 96%]
tests/unit/test_token_readiness_hardening.py::TestFineGrainedTokenErrorMessageContent::test_error_message_not_empty PASSED [ 96%]
tests/unit/test_token_readiness_hardening.py::TestFineGrainedTokenErrorMessageContent::test_error_message_mentions_github_pat_prefix PASSED [ 97%]
tests/unit/test_token_readiness_hardening.py::TestFineGrainedTokenErrorMessageContent::test_error_message_mentions_git_data_api PASSED [ 97%]
tests/unit/test_token_readiness_hardening.py::TestFineGrainedTokenErrorMessageContent::test_error_message_mentions_gh_token_mapping PASSED [ 97%]
tests/unit/test_token_readiness_hardening.py::TestFineGrainedTokenErrorMessageContent::test_fine_grained_rejected_constant_exists PASSED [ 97%]
tests/unit/test_token_readiness_hardening.py::TestTokenHardeningIntegration::test_classic_pat_in_github_token_passes_check PASSED [ 97%]
tests/unit/test_token_readiness_hardening.py::TestTokenHardeningIntegration::test_fine_grained_in_github_token_fails_closed PASSED [ 97%]
tests/unit/test_token_readiness_hardening.py::TestTokenHardeningIntegration::test_token_type_check_does_not_make_network_calls PASSED [ 97%]
tests/unit/test_token_readiness_hardening.py::TestTokenHardeningIntegration::test_repo_access_resolver_exports_all_new_constants PASSED [ 97%]
tests/unit/test_validation.py::TestDotnetRunner::test_successful_validation PASSED [ 97%]
tests/unit/test_validation.py::TestDotnetRunner::test_build_failure PASSED [ 97%]
tests/unit/test_validation.py::TestDotnetRunner::test_skip_run PASSED    [ 97%]
tests/unit/test_validation.py::TestDotnetRunner::test_write_validation_results PASSED [ 97%]
tests/unit/test_validation.py::TestOutputValidator::test_valid_output_passes PASSED [ 97%]
tests/unit/test_validation.py::TestOutputValidator::test_no_output_fails PASSED [ 97%]
tests/unit/test_validation.py::TestOutputValidator::test_exception_in_stderr_fails PASSED [ 97%]
tests/unit/test_validation.py::TestOutputValidator::test_unhandled_exception_fails PASSED [ 97%]
tests/unit/test_validation.py::TestOutputValidator::test_expected_patterns_checked PASSED [ 97%]
tests/unit/test_validation.py::TestOutputValidator::test_write_output_validation PASSED [ 97%]
tests/unit/test_validation.py::TestOoxmlValidator::test_docx_valid_passes PASSED [ 97%]
tests/unit/test_validation.py::TestOoxmlValidator::test_docx_wrong_bytes_fails PASSED [ 97%]
tests/unit/test_validation.py::TestOoxmlValidator::test_pptx_valid_passes PASSED [ 97%]
tests/unit/test_validation.py::TestOoxmlValidator::test_pptx_wrong_bytes_fails PASSED [ 97%]
tests/unit/test_validation.py::TestOoxmlValidator::test_docx_missing_internal_xml_fails PASSED [ 97%]
tests/unit/test_validation.py::TestOle2Validator::test_doc_valid_passes PASSED [ 97%]
tests/unit/test_validation.py::TestOle2Validator::test_doc_wrong_bytes_fails PASSED [ 97%]
tests/unit/test_validation.py::TestOle2Validator::test_xls_valid_passes PASSED [ 97%]
tests/unit/test_validation.py::TestOle2Validator::test_xls_wrong_bytes_fails PASSED [ 97%]
tests/unit/test_validation.py::TestEmlValidator::test_eml_valid_passes PASSED [ 97%]
tests/unit/test_validation.py::TestEmlValidator::test_eml_no_headers_fails PASSED [ 97%]
tests/unit/test_validation.py::TestEmlValidator::test_eml_mime_version_header_passes PASSED [ 97%]
tests/unit/test_validation.py::TestMsgValidator::test_msg_valid_passes PASSED [ 97%]
tests/unit/test_validation.py::TestMsgValidator::test_msg_wrong_bytes_fails PASSED [ 97%]
tests/unit/test_validation.py::TestBridge::test_reviewer_unavailable_raises PASSED [ 97%]
tests/unit/test_validation.py::TestBridge::test_check_availability_missing_path PASSED [ 98%]
tests/unit/test_validation.py::TestBridge::test_write_reviewer_results PASSED [ 98%]
tests/unit/test_validation.py::TestBridge::test_paths_use_workspace PASSED [ 98%]
tests/unit/test_version_drift_checker.py::TestCompareVersions::test_equal_versions PASSED [ 98%]
tests/unit/test_version_drift_checker.py::TestCompareVersions::test_older_major PASSED [ 98%]
tests/unit/test_version_drift_checker.py::TestCompareVersions::test_newer_minor PASSED [ 98%]
tests/unit/test_version_drift_checker.py::TestCompareVersions::test_patch_increment PASSED [ 98%]
tests/unit/test_version_drift_checker.py::TestCompareVersions::test_multi_digit PASSED [ 98%]
tests/unit/test_version_drift_checker.py::TestCompareVersions::test_two_part_version PASSED [ 98%]
tests/unit/test_version_drift_checker.py::TestDriftSeverity::test_no_drift PASSED [ 98%]
tests/unit/test_version_drift_checker.py::TestDriftSeverity::test_patch_drift PASSED [ 98%]
tests/unit/test_version_drift_checker.py::TestDriftSeverity::test_month_bump_is_major PASSED [ 98%]
tests/unit/test_version_drift_checker.py::TestDriftSeverity::test_year_bump_is_major PASSED [ 98%]
tests/unit/test_version_drift_checker.py::TestDriftSeverity::test_cells_drift PASSED [ 98%]
tests/unit/test_version_drift_checker.py::TestDriftSeverity::test_invalid_input_returns_unknown PASSED [ 98%]
tests/unit/test_version_drift_checker.py::TestRunVersionDriftCheck::test_all_current PASSED [ 98%]
tests/unit/test_version_drift_checker.py::TestRunVersionDriftCheck::test_drift_detected_cells PASSED [ 98%]
tests/unit/test_version_drift_checker.py::TestRunVersionDriftCheck::test_not_on_nuget_returns_error PASSED [ 98%]
tests/unit/test_version_drift_checker.py::TestRunVersionDriftCheck::test_missing_denominator PASSED [ 98%]
tests/unit/test_version_drift_checker.py::TestRunVersionDriftCheck::test_unknown_family_skipped PASSED [ 98%]
tests/unit/test_version_drift_checker.py::TestRunVersionDriftCheck::test_to_dict_structure PASSED [ 98%]
tests/unit/test_version_drift_checker.py::TestRunVersionDriftCheck::test_drift_severity_cells_26_4_to_26_5_1 PASSED [ 98%]
tests/unit/test_version_drift_checker.py::TestRunVersionDriftCheck::test_drift_severity_diagram_26_4_to_26_5 PASSED [ 98%]
tests/unit/test_version_drift_checker.py::TestRunVersionDriftCheck::test_slides_uses_correct_package_id PASSED [ 98%]
tests/unit/test_version_drift_checker.py::TestRunVersionDriftCheck::test_all_six_lowcode_families_present PASSED [ 98%]
tests/unit/test_words_readiness_review.py::TestWordsReviewArtifactsExist::test_role_classification_written PASSED [ 98%]
tests/unit/test_words_readiness_review.py::TestWordsReviewArtifactsExist::test_consumer_relationships_written PASSED [ 98%]
tests/unit/test_words_readiness_review.py::TestWordsReviewArtifactsExist::test_options_usage_review_written PASSED [ 98%]
tests/unit/test_words_readiness_review.py::TestWordsReviewArtifactsExist::test_words_generation_candidate_rank_written PASSED [ 98%]
tests/unit/test_words_readiness_review.py::TestWordsReviewArtifactsExist::test_catalog_review_written PASSED [ 98%]
tests/unit/test_words_readiness_review.py::TestWordsTypeRoleClassification::test_mail_merge_data_source_not_workflow_root_without_consumer PASSED [ 98%]
tests/unit/test_words_readiness_review.py::TestWordsTypeRoleClassification::test_words_options_types_not_standalone PASSED [ 98%]
tests/unit/test_words_readiness_review.py::TestWordsTypeRoleClassification::test_abstract_base_not_standalone PASSED [ 99%]
tests/unit/test_words_readiness_review.py::TestWordsTypeRoleClassification::test_settings_model_types_not_standalone PASSED [ 99%]
tests/unit/test_words_readiness_review.py::TestWordsTypeRoleClassification::test_operation_facades_standalone_allowed PASSED [ 99%]
tests/unit/test_words_readiness_review.py::TestWordsTypeRoleClassification::test_converter_classified_as_operation_facade PASSED [ 99%]
tests/unit/test_words_readiness_review.py::TestWordsTypeRoleClassification::test_watermarker_classified_as_operation_facade PASSED [ 99%]
tests/unit/test_words_readiness_review.py::TestWordsTypeRoleClassification::test_splitter_classified_as_operation_facade PASSED [ 99%]
tests/unit/test_words_readiness_review.py::TestWordsTypeRoleClassification::test_replacer_classified_as_operation_facade PASSED [ 99%]
tests/unit/test_words_readiness_review.py::TestWordsTypeRoleClassification::test_reclassification_documented PASSED [ 99%]
tests/unit/test_words_readiness_review.py::TestWordsConsumerRelationships::test_mail_merge_data_source_has_no_lowcode_consumer PASSED [ 99%]
tests/unit/test_words_readiness_review.py::TestWordsConsumerRelationships::test_split_options_has_required_consumer PASSED [ 99%]
tests/unit/test_words_readiness_review.py::TestWordsConsumerRelationships::test_mail_merge_options_is_optional_consumer PASSED [ 99%]
tests/unit/test_words_readiness_review.py::TestWordsConsumerRelationships::test_all_options_types_blocked_standalone PASSED [ 99%]
tests/unit/test_words_readiness_review.py::TestWordsOptionsUsageReview::test_words_options_review_blocks_unknown_required_properties PASSED [ 99%]
tests/unit/test_words_readiness_review.py::TestWordsOptionsUsageReview::test_mail_merge_options_safe_to_instantiate PASSED [ 99%]
tests/unit/test_words_readiness_review.py::TestWordsOptionsUsageReview::test_report_builder_options_safe_to_instantiate PASSED [ 99%]
tests/unit/test_words_readiness_review.py::TestWordsOptionsUsageReview::test_options_review_has_closure_verdict PASSED [ 99%]
tests/unit/test_words_readiness_review.py::TestWordsGenerationCandidateRank::test_words_workflow_root_requires_output_strategy PASSED [ 99%]
tests/unit/test_words_readiness_review.py::TestWordsGenerationCandidateRank::test_mail_merge_data_source_not_in_candidates PASSED [ 99%]
tests/unit/test_words_readiness_review.py::TestWordsGenerationCandidateRank::test_ready_for_controlled_pilot_count PASSED [ 99%]
tests/unit/test_words_readiness_review.py::TestWordsGenerationCandidateRank::test_words_001_converter_is_ready PASSED [ 99%]
tests/unit/test_words_readiness_review.py::TestWordsGenerationCandidateRank::test_words_002_watermarker_set_text_is_ready PASSED [ 99%]
tests/unit/test_words_readiness_review.py::TestWordsGenerationCandidateRank::test_words_003_splitter_extract_pages_is_ready PASSED [ 99%]
tests/unit/test_words_readiness_review.py::TestWordsGenerationCandidateRank::test_words_004_replacer_replace_is_ready PASSED [ 99%]
tests/unit/test_words_readiness_review.py::TestWordsGenerationCandidateRank::test_mail_merger_is_blocked PASSED [ 99%]
tests/unit/test_words_readiness_review.py::TestWordsGenerationCandidateRank::test_report_builder_is_blocked PASSED [ 99%]
tests/unit/test_words_readiness_review.py::TestWordsGenerationCandidateRank::test_blocked_scenarios_have_block_reason PASSED [ 99%]
tests/unit/test_words_readiness_review.py::TestWordsGenerationReadinessConditions::test_words_generation_ready_requires_role_classification PASSED [ 99%]
tests/unit/test_words_readiness_review.py::TestWordsGenerationReadinessConditions::test_words_generation_ready_requires_options_review PASSED [ 99%]
tests/unit/test_words_readiness_review.py::TestWordsGenerationReadinessConditions::test_words_generation_ready_requires_candidate_rank PASSED [ 99%]
tests/unit/test_words_readiness_review.py::TestWordsGenerationReadinessConditions::test_words_generation_ready_requires_controlled_pilot_scenarios PASSED [ 99%]
tests/unit/test_words_readiness_review.py::TestWordsGenerationReadinessConditions::test_words_generation_still_blocked_until_review_passes PASSED [ 99%]
tests/unit/test_words_readiness_review.py::TestWordsGenerationReadinessConditions::test_pdf_generation_controlled_pilot_approved PASSED [ 99%]
tests/unit/test_words_readiness_review.py::TestWordsGenerationReadinessConditions::test_cells_generation_ready_unchanged PASSED [100%]

====== 3222 passed, 18 skipped, 10 subtests passed in 335.20s (0:05:35) =======
